<?xml version="1.0" encoding="UTF-8" ?>
<testsuite failures="0" time="124.318" errors="2" skipped="0" tests="2" name="scfw.test.TestMybatis">
  <properties>
[...]
</properties>
  <testcase time="63.851" classname="scfw.test.TestMybatis" name="test1">
    <error message="nested exception is org.apache.ibatis.exceptions.PersistenceException: 
### Error querying database.  Cause: org.springframework.jdbc.CannotGetJdbcConnectionException: Could not get JDBC Connection; nested exception is com.alibaba.druid.pool.GetConnectionTimeoutException: wait millis 60001, active 0
### The error may exist in file [E:\workspace\workspace_scfw\scfw\target\classes\scfw\mapping\SysUserMapper.xml]
### The error may involve scfw.dao.SysUserMapper.selectByPrimaryKey
### The error occurred while executing a query
### Cause: org.springframework.jdbc.CannotGetJdbcConnectionException: Could not get JDBC Connection; nested exception is com.alibaba.druid.pool.GetConnectionTimeoutException: wait millis 60001, active 0" type="org.mybatis.spring.MyBatisSystemException">org.mybatis.spring.MyBatisSystemException: nested exception is org.apache.ibatis.exceptions.PersistenceException: 
### Error querying database.  Cause: org.springframework.jdbc.CannotGetJdbcConnectionException: Could not get JDBC Connection; nested exception is com.alibaba.druid.pool.GetConnectionTimeoutException: wait millis 60001, active 0
### The error may exist in file [E:\workspace\workspace_scfw\scfw\target\classes\scfw\mapping\SysUserMapper.xml]
### The error may involve scfw.dao.SysUserMapper.selectByPrimaryKey
### The error occurred while executing a query
### Cause: org.springframework.jdbc.CannotGetJdbcConnectionException: Could not get JDBC Connection; nested exception is com.alibaba.druid.pool.GetConnectionTimeoutException: wait millis 60001, active 0
	at org.mybatis.spring.MyBatisExceptionTranslator.translateExceptionIfPossible(MyBatisExceptionTranslator.java:75)
	at org.mybatis.spring.SqlSessionTemplate$SqlSessionInterceptor.invoke(SqlSessionTemplate.java:371)
	at com.sun.proxy.$Proxy10.selectOne(Unknown Source)
	at org.mybatis.spring.SqlSessionTemplate.selectOne(SqlSessionTemplate.java:163)
	at org.apache.ibatis.binding.MapperMethod.execute(MapperMethod.java:63)
	at org.apache.ibatis.binding.MapperProxy.invoke(MapperProxy.java:43)
	at com.sun.proxy.$Proxy16.selectByPrimaryKey(Unknown Source)
	at scfw.service.UserServiceImpl.getUserById(UserServiceImpl.java:34)
	at sun.reflect.NativeMethodAccessorImpl.invoke0(Native Method)
	at sun.reflect.NativeMethodAccessorImpl.invoke(NativeMethodAccessorImpl.java:57)
	at sun.reflect.DelegatingMethodAccessorImpl.invoke(DelegatingMethodAccessorImpl.java:43)
	at java.lang.reflect.Method.invoke(Method.java:606)
	at org.springframework.aop.support.AopUtils.invokeJoinpointUsingReflection(AopUtils.java:317)
	at org.springframework.aop.framework.ReflectiveMethodInvocation.invokeJoinpoint(ReflectiveMethodInvocation.java:183)
	at org.springframework.aop.framework.ReflectiveMethodInvocation.proceed(ReflectiveMethodInvocation.java:150)
	at com.alibaba.druid.support.spring.stat.DruidStatInterceptor.invoke(DruidStatInterceptor.java:73)
	at org.springframework.aop.framework.ReflectiveMethodInvocation.proceed(ReflectiveMethodInvocation.java:172)
	at org.springframework.transaction.interceptor.TransactionInterceptor$1.proceedWithInvocation(TransactionInterceptor.java:96)
	at org.springframework.transaction.interceptor.TransactionAspectSupport.invokeWithinTransaction(TransactionAspectSupport.java:260)
	at org.springframework.transaction.interceptor.TransactionInterceptor.invoke(TransactionInterceptor.java:94)
	at org.springframework.aop.framework.ReflectiveMethodInvocation.proceed(ReflectiveMethodInvocation.java:172)
	at org.springframework.aop.interceptor.ExposeInvocationInterceptor.invoke(ExposeInvocationInterceptor.java:91)
	at org.springframework.aop.framework.ReflectiveMethodInvocation.proceed(ReflectiveMethodInvocation.java:172)
	at org.springframework.aop.framework.JdkDynamicAopProxy.invoke(JdkDynamicAopProxy.java:204)
	at com.sun.proxy.$Proxy20.getUserById(Unknown Source)
	at scfw.test.TestMybatis.test1(TestMybatis.java:43)
	at sun.reflect.NativeMethodAccessorImpl.invoke0(Native Method)
	at sun.reflect.NativeMethodAccessorImpl.invoke(NativeMethodAccessorImpl.java:57)
	at sun.reflect.DelegatingMethodAccessorImpl.invoke(DelegatingMethodAccessorImpl.java:43)
	at java.lang.reflect.Method.invoke(Method.java:606)
	at org.junit.runners.model.FrameworkMethod$1.runReflectiveCall(FrameworkMethod.java:47)
	at org.junit.internal.runners.model.ReflectiveCallable.run(ReflectiveCallable.java:12)
	at org.junit.runners.model.FrameworkMethod.invokeExplosively(FrameworkMethod.java:44)
	at org.junit.internal.runners.statements.InvokeMethod.evaluate(InvokeMethod.java:17)
	at org.springframework.test.context.junit4.statements.RunBeforeTestMethodCallbacks.evaluate(RunBeforeTestMethodCallbacks.java:74)
	at org.springframework.test.context.junit4.statements.RunAfterTestMethodCallbacks.evaluate(RunAfterTestMethodCallbacks.java:83)
	at org.springframework.test.context.junit4.statements.SpringRepeat.evaluate(SpringRepeat.java:72)
	at org.springframework.test.context.junit4.SpringJUnit4ClassRunner.runChild(SpringJUnit4ClassRunner.java:231)
	at org.springframework.test.context.junit4.SpringJUnit4ClassRunner.runChild(SpringJUnit4ClassRunner.java:88)
	at org.junit.runners.ParentRunner$3.run(ParentRunner.java:238)
	at org.junit.runners.ParentRunner$1.schedule(ParentRunner.java:63)
	at org.junit.runners.ParentRunner.runChildren(ParentRunner.java:236)
	at org.junit.runners.ParentRunner.access$000(ParentRunner.java:53)
	at org.junit.runners.ParentRunner$2.evaluate(ParentRunner.java:229)
	at org.springframework.test.context.junit4.statements.RunBeforeTestClassCallbacks.evaluate(RunBeforeTestClassCallbacks.java:61)
	at org.springframework.test.context.junit4.statements.RunAfterTestClassCallbacks.evaluate(RunAfterTestClassCallbacks.java:71)
	at org.junit.runners.ParentRunner.run(ParentRunner.java:309)
	at org.springframework.test.context.junit4.SpringJUnit4ClassRunner.run(SpringJUnit4ClassRunner.java:174)
	at org.apache.maven.surefire.junit4.JUnit4TestSet.execute(JUnit4TestSet.java:53)
	at org.apache.maven.surefire.junit4.JUnit4Provider.executeTestSet(JUnit4Provider.java:123)
	at org.apache.maven.surefire.junit4.JUnit4Provider.invoke(JUnit4Provider.java:104)
	at sun.reflect.NativeMethodAccessorImpl.invoke0(Native Method)
	at sun.reflect.NativeMethodAccessorImpl.invoke(NativeMethodAccessorImpl.java:57)
	at sun.reflect.DelegatingMethodAccessorImpl.invoke(DelegatingMethodAccessorImpl.java:43)
	at java.lang.reflect.Method.invoke(Method.java:606)
	at org.apache.maven.surefire.util.ReflectionUtils.invokeMethodWithArray(ReflectionUtils.java:164)
	at org.apache.maven.surefire.booter.ProviderFactory$ProviderProxy.invoke(ProviderFactory.java:110)
	at org.apache.maven.surefire.booter.SurefireStarter.invokeProvider(SurefireStarter.java:175)
	at org.apache.maven.surefire.booter.SurefireStarter.runSuitesInProcessWhenForked(SurefireStarter.java:107)
	at org.apache.maven.surefire.booter.ForkedBooter.main(ForkedBooter.java:68)
Caused by: org.apache.ibatis.exceptions.PersistenceException: 
### Error querying database.  Cause: org.springframework.jdbc.CannotGetJdbcConnectionException: Could not get JDBC Connection; nested exception is com.alibaba.druid.pool.GetConnectionTimeoutException: wait millis 60001, active 0
### The error may exist in file [E:\workspace\workspace_scfw\scfw\target\classes\scfw\mapping\SysUserMapper.xml]
### The error may involve scfw.dao.SysUserMapper.selectByPrimaryKey
### The error occurred while executing a query
### Cause: org.springframework.jdbc.CannotGetJdbcConnectionException: Could not get JDBC Connection; nested exception is com.alibaba.druid.pool.GetConnectionTimeoutException: wait millis 60001, active 0
	at org.apache.ibatis.exceptions.ExceptionFactory.wrapException(ExceptionFactory.java:23)
	at org.apache.ibatis.session.defaults.DefaultSqlSession.selectList(DefaultSqlSession.java:107)
	at org.apache.ibatis.session.defaults.DefaultSqlSession.selectList(DefaultSqlSession.java:98)
	at org.apache.ibatis.session.defaults.DefaultSqlSession.selectOne(DefaultSqlSession.java:62)
	at sun.reflect.NativeMethodAccessorImpl.invoke0(Native Method)
	at sun.reflect.NativeMethodAccessorImpl.invoke(NativeMethodAccessorImpl.java:57)
	at sun.reflect.DelegatingMethodAccessorImpl.invoke(DelegatingMethodAccessorImpl.java:43)
	at java.lang.reflect.Method.invoke(Method.java:606)
	at org.mybatis.spring.SqlSessionTemplate$SqlSessionInterceptor.invoke(SqlSessionTemplate.java:358)
	... 58 more
Caused by: org.springframework.jdbc.CannotGetJdbcConnectionException: Could not get JDBC Connection; nested exception is com.alibaba.druid.pool.GetConnectionTimeoutException: wait millis 60001, active 0
	at org.springframework.jdbc.datasource.DataSourceUtils.getConnection(DataSourceUtils.java:80)
	at org.mybatis.spring.transaction.SpringManagedTransaction.openConnection(SpringManagedTransaction.java:81)
	at org.mybatis.spring.transaction.SpringManagedTransaction.getConnection(SpringManagedTransaction.java:67)
	at org.apache.ibatis.executor.BaseExecutor.getConnection(BaseExecutor.java:271)
	at org.apache.ibatis.executor.SimpleExecutor.prepareStatement(SimpleExecutor.java:69)
	at org.apache.ibatis.executor.SimpleExecutor.doQuery(SimpleExecutor.java:56)
	at org.apache.ibatis.executor.BaseExecutor.queryFromDatabase(BaseExecutor.java:259)
	at org.apache.ibatis.executor.BaseExecutor.query(BaseExecutor.java:132)
	at org.apache.ibatis.executor.CachingExecutor.query(CachingExecutor.java:105)
	at org.apache.ibatis.executor.CachingExecutor.query(CachingExecutor.java:81)
	at org.apache.ibatis.session.defaults.DefaultSqlSession.selectList(DefaultSqlSession.java:104)
	... 65 more
Caused by: com.alibaba.druid.pool.GetConnectionTimeoutException: wait millis 60001, active 0
	at com.alibaba.druid.pool.DruidDataSource.getConnectionInternal(DruidDataSource.java:1069)
	at com.alibaba.druid.pool.DruidDataSource.getConnectionDirect(DruidDataSource.java:898)
	at com.alibaba.druid.filter.FilterChainImpl.dataSource_connect(FilterChainImpl.java:4544)
	at com.alibaba.druid.filter.stat.StatFilter.dataSource_getConnection(StatFilter.java:661)
	at com.alibaba.druid.filter.FilterChainImpl.dataSource_connect(FilterChainImpl.java:4540)
	at com.alibaba.druid.pool.DruidDataSource.getConnection(DruidDataSource.java:880)
	at com.alibaba.druid.pool.DruidDataSource.getConnection(DruidDataSource.java:872)
	at com.alibaba.druid.pool.DruidDataSource.getConnection(DruidDataSource.java:97)
	at org.springframework.jdbc.datasource.DataSourceUtils.doGetConnection(DataSourceUtils.java:111)
	at org.springframework.jdbc.datasource.DataSourceUtils.getConnection(DataSourceUtils.java:77)
	... 75 more
Caused by: com.mysql.jdbc.exceptions.jdbc4.CommunicationsException: Communications link failure

The last packet sent successfully to the server was 0 milliseconds ago. The driver has not received any packets from the server.
	at sun.reflect.NativeConstructorAccessorImpl.newInstance0(Native Method)
	at sun.reflect.NativeConstructorAccessorImpl.newInstance(NativeConstructorAccessorImpl.java:57)
	at sun.reflect.DelegatingConstructorAccessorImpl.newInstance(DelegatingConstructorAccessorImpl.java:45)
	at java.lang.reflect.Constructor.newInstance(Constructor.java:526)
	at com.mysql.jdbc.Util.handleNewInstance(Util.java:411)
	at com.mysql.jdbc.SQLError.createCommunicationsException(SQLError.java:1129)
	at com.mysql.jdbc.MysqlIO.&lt;init&gt;(MysqlIO.java:358)
	at com.mysql.jdbc.ConnectionImpl.coreConnect(ConnectionImpl.java:2498)
	at com.mysql.jdbc.ConnectionImpl.connectOneTryOnly(ConnectionImpl.java:2535)
	at com.mysql.jdbc.ConnectionImpl.createNewIO(ConnectionImpl.java:2320)
	at com.mysql.jdbc.ConnectionImpl.&lt;init&gt;(ConnectionImpl.java:834)
	at com.mysql.jdbc.JDBC4Connection.&lt;init&gt;(JDBC4Connection.java:46)
	at sun.reflect.NativeConstructorAccessorImpl.newInstance0(Native Method)
	at sun.reflect.NativeConstructorAccessorImpl.newInstance(NativeConstructorAccessorImpl.java:57)
	at sun.reflect.DelegatingConstructorAccessorImpl.newInstance(DelegatingConstructorAccessorImpl.java:45)
	at java.lang.reflect.Constructor.newInstance(Constructor.java:526)
	at com.mysql.jdbc.Util.handleNewInstance(Util.java:411)
	at com.mysql.jdbc.ConnectionImpl.getInstance(ConnectionImpl.java:416)
	at com.mysql.jdbc.NonRegisteringDriver.connect(NonRegisteringDriver.java:347)
	at com.alibaba.druid.filter.FilterChainImpl.connection_connect(FilterChainImpl.java:148)
	at com.alibaba.druid.filter.stat.StatFilter.connection_connect(StatFilter.java:211)
	at com.alibaba.druid.filter.FilterChainImpl.connection_connect(FilterChainImpl.java:142)
	at com.alibaba.druid.pool.DruidAbstractDataSource.createPhysicalConnection(DruidAbstractDataSource.java:1360)
	at com.alibaba.druid.pool.DruidAbstractDataSource.createPhysicalConnection(DruidAbstractDataSource.java:1414)
	at com.alibaba.druid.pool.DruidDataSource$CreateConnectionThread.run(DruidDataSource.java:1649)
Caused by: java.net.ConnectException: Connection timed out: connect
	at java.net.DualStackPlainSocketImpl.connect0(Native Method)
	at java.net.DualStackPlainSocketImpl.socketConnect(DualStackPlainSocketImpl.java:79)
	at java.net.AbstractPlainSocketImpl.doConnect(AbstractPlainSocketImpl.java:339)
	at java.net.AbstractPlainSocketImpl.connectToAddress(AbstractPlainSocketImpl.java:200)
	at java.net.AbstractPlainSocketImpl.connect(AbstractPlainSocketImpl.java:182)
	at java.net.PlainSocketImpl.connect(PlainSocketImpl.java:172)
	at java.net.SocksSocketImpl.connect(SocksSocketImpl.java:392)
	at java.net.Socket.connect(Socket.java:579)
	at java.net.Socket.connect(Socket.java:528)
	at java.net.Socket.&lt;init&gt;(Socket.java:425)
	at java.net.Socket.&lt;init&gt;(Socket.java:241)
	at com.mysql.jdbc.StandardSocketFactory.connect(StandardSocketFactory.java:256)
	at com.mysql.jdbc.MysqlIO.&lt;init&gt;(MysqlIO.java:308)
	... 18 more
</error>
    <system-out>[org.springframework.test.context.junit4.SpringJUnit4ClassRunner]SpringJUnit4ClassRunner constructor called with [class scfw.test.TestMybatis].
[org.springframework.test.context.ContextLoaderUtils]Retrieved @ContextConfiguration [@org.springframework.test.context.ContextConfiguration(initializers=[], classes=[], locations=[classpath:spring.xml, classpath:spring-mybatis.xml], loader=interface org.springframework.test.context.ContextLoader, name=, value=[], inheritLocations=true, inheritInitializers=true)] for declaring class [scfw.test.TestMybatis].
[org.springframework.test.context.ContextLoaderUtils]Resolved context configuration attributes: [ContextConfigurationAttributes@6997f7f4 declaringClass = &apos;scfw.test.TestMybatis&apos;, locations = &apos;{classpath:spring.xml, classpath:spring-mybatis.xml}&apos;, classes = &apos;{}&apos;, inheritLocations = true, initializers = &apos;{}&apos;, inheritInitializers = true, name = [null], contextLoaderClass = &apos;org.springframework.test.context.ContextLoader&apos;]
[org.springframework.test.context.ContextLoaderUtils]Processing ContextLoader for context configuration attributes [ContextConfigurationAttributes@6997f7f4 declaringClass = &apos;scfw.test.TestMybatis&apos;, locations = &apos;{classpath:spring.xml, classpath:spring-mybatis.xml}&apos;, classes = &apos;{}&apos;, inheritLocations = true, initializers = &apos;{}&apos;, inheritInitializers = true, name = [null], contextLoaderClass = &apos;org.springframework.test.context.ContextLoader&apos;]
[org.springframework.test.context.ContextLoaderUtils]Using default ContextLoader class [org.springframework.test.context.support.DelegatingSmartContextLoader] for test class [scfw.test.TestMybatis]
[org.springframework.test.context.ContextLoaderUtils]Processing locations and classes for context configuration attributes [ContextConfigurationAttributes@6997f7f4 declaringClass = &apos;scfw.test.TestMybatis&apos;, locations = &apos;{classpath:spring.xml, classpath:spring-mybatis.xml}&apos;, classes = &apos;{}&apos;, inheritLocations = true, initializers = &apos;{}&apos;, inheritInitializers = true, name = [null], contextLoaderClass = &apos;org.springframework.test.context.ContextLoader&apos;]
[org.springframework.test.context.support.AbstractDelegatingSmartContextLoader]Delegating to GenericXmlContextLoader to process context configuration [ContextConfigurationAttributes@6997f7f4 declaringClass = &apos;scfw.test.TestMybatis&apos;, locations = &apos;{classpath:spring.xml, classpath:spring-mybatis.xml}&apos;, classes = &apos;{}&apos;, inheritLocations = true, initializers = &apos;{}&apos;, inheritInitializers = true, name = [null], contextLoaderClass = &apos;org.springframework.test.context.ContextLoader&apos;].
[org.springframework.test.context.ContextLoaderUtils]Processing context initializers for context configuration attributes [ContextConfigurationAttributes@6997f7f4 declaringClass = &apos;scfw.test.TestMybatis&apos;, locations = &apos;{classpath:spring.xml, classpath:spring-mybatis.xml}&apos;, classes = &apos;{}&apos;, inheritLocations = true, initializers = &apos;{}&apos;, inheritInitializers = true, name = [null], contextLoaderClass = &apos;org.springframework.test.context.ContextLoader&apos;]
[org.springframework.test.context.ContextLoaderUtils]Could not find an &apos;annotation declaring class&apos; for annotation type [org.springframework.test.context.ActiveProfiles] and class [scfw.test.TestMybatis]
[org.springframework.test.context.TestContextManager]@TestExecutionListeners is not present for class [class scfw.test.TestMybatis]: using defaults.
[org.springframework.test.context.TestContextManager]Registering TestExecutionListener: org.springframework.test.context.web.ServletTestExecutionListener@3bb3236f
[org.springframework.test.context.TestContextManager]Registering TestExecutionListener: org.springframework.test.context.support.DependencyInjectionTestExecutionListener@6ddb6b07
[org.springframework.test.context.TestContextManager]Registering TestExecutionListener: org.springframework.test.context.support.DirtiesContextTestExecutionListener@604fd0e9
[org.springframework.test.context.TestContextManager]Registering TestExecutionListener: org.springframework.test.context.transaction.TransactionalTestExecutionListener@181ca265
[org.springframework.test.annotation.ProfileValueUtils]Retrieved @ProfileValueSourceConfiguration [null] for test class [scfw.test.TestMybatis]
[org.springframework.test.annotation.ProfileValueUtils]Retrieved ProfileValueSource type [class org.springframework.test.annotation.SystemProfileValueSource] for class [scfw.test.TestMybatis]
[org.springframework.test.annotation.ProfileValueUtils]Retrieved @ProfileValueSourceConfiguration [null] for test class [scfw.test.TestMybatis]
[org.springframework.test.annotation.ProfileValueUtils]Retrieved ProfileValueSource type [class org.springframework.test.annotation.SystemProfileValueSource] for class [scfw.test.TestMybatis]
[org.springframework.test.context.TestContextManager]beforeTestClass(): class [class scfw.test.TestMybatis]
[org.springframework.test.annotation.ProfileValueUtils]Retrieved @ProfileValueSourceConfiguration [null] for test class [scfw.test.TestMybatis]
[org.springframework.test.annotation.ProfileValueUtils]Retrieved ProfileValueSource type [class org.springframework.test.annotation.SystemProfileValueSource] for class [scfw.test.TestMybatis]
[org.springframework.test.context.TestContextManager]prepareTestInstance(): instance [scfw.test.TestMybatis@ec3615b]
[org.springframework.test.context.support.AbstractDelegatingSmartContextLoader]Delegating to GenericXmlContextLoader to load context from [MergedContextConfiguration@c3b626c testClass = TestMybatis, locations = &apos;{classpath:spring.xml, classpath:spring-mybatis.xml}&apos;, classes = &apos;{}&apos;, contextInitializerClasses = &apos;[]&apos;, activeProfiles = &apos;{}&apos;, contextLoader = &apos;org.springframework.test.context.support.DelegatingSmartContextLoader&apos;, parent = [null]].
[org.springframework.test.context.support.AbstractGenericContextLoader]Loading ApplicationContext for merged context configuration [[MergedContextConfiguration@c3b626c testClass = TestMybatis, locations = &apos;{classpath:spring.xml, classpath:spring-mybatis.xml}&apos;, classes = &apos;{}&apos;, contextInitializerClasses = &apos;[]&apos;, activeProfiles = &apos;{}&apos;, contextLoader = &apos;org.springframework.test.context.support.DelegatingSmartContextLoader&apos;, parent = [null]]].
[org.springframework.core.env.StandardEnvironment]Initializing new StandardEnvironment
[org.springframework.core.env.StandardEnvironment]Adding [systemProperties] PropertySource with lowest search precedence
[org.springframework.core.env.StandardEnvironment]Adding [systemEnvironment] PropertySource with lowest search precedence
[org.springframework.core.env.StandardEnvironment]Initialized StandardEnvironment with PropertySources [systemProperties,systemEnvironment]
[org.springframework.beans.factory.xml.XmlBeanDefinitionReader]Loading XML bean definitions from class path resource [spring.xml]
[org.springframework.beans.factory.xml.DefaultDocumentLoader]Using JAXP provider [com.sun.org.apache.xerces.internal.jaxp.DocumentBuilderFactoryImpl]
[org.springframework.beans.factory.xml.PluggableSchemaResolver]Trying to resolve XML entity with public id [null] and system id [http://www.springframework.org/schema/beans/spring-beans-3.0.xsd]
[org.springframework.beans.factory.xml.PluggableSchemaResolver]Loading schema mappings from [META-INF/spring.schemas]
[org.springframework.beans.factory.xml.PluggableSchemaResolver]Loaded schema mappings: {http://mybatis.org/schema/mybatis-spring-1.2.xsd=org/mybatis/spring/config/mybatis-spring-1.2.xsd, http://www.springframework.org/schema/oxm/spring-oxm-3.0.xsd=org/springframework/oxm/config/spring-oxm-3.0.xsd, http://www.springframework.org/schema/util/spring-util.xsd=org/springframework/beans/factory/xml/spring-util-3.2.xsd, http://www.springframework.org/schema/jee/spring-jee-3.2.xsd=org/springframework/ejb/config/spring-jee-3.2.xsd, http://www.springframework.org/schema/mvc/spring-mvc-3.1.xsd=org/springframework/web/servlet/config/spring-mvc-3.1.xsd, http://www.springframework.org/schema/task/spring-task.xsd=org/springframework/scheduling/config/spring-task-3.2.xsd, http://www.springframework.org/schema/beans/spring-beans-3.1.xsd=org/springframework/beans/factory/xml/spring-beans-3.1.xsd, http://www.springframework.org/schema/cache/spring-cache.xsd=org/springframework/cache/config/spring-cache-3.2.xsd, http://www.springframework.org/schema/aop/spring-aop-3.0.xsd=org/springframework/aop/config/spring-aop-3.0.xsd, http://www.springframework.org/schema/aop/spring-aop-2.0.xsd=org/springframework/aop/config/spring-aop-2.0.xsd, http://www.springframework.org/schema/task/spring-task-3.1.xsd=org/springframework/scheduling/config/spring-task-3.1.xsd, http://www.springframework.org/schema/oxm/spring-oxm.xsd=org/springframework/oxm/config/spring-oxm-3.2.xsd, http://www.springframework.org/schema/tool/spring-tool-2.5.xsd=org/springframework/beans/factory/xml/spring-tool-2.5.xsd, http://www.springframework.org/schema/beans/spring-beans.xsd=org/springframework/beans/factory/xml/spring-beans-3.2.xsd, http://www.springframework.org/schema/jee/spring-jee-2.5.xsd=org/springframework/ejb/config/spring-jee-2.5.xsd, http://www.springframework.org/schema/jdbc/spring-jdbc-3.1.xsd=org/springframework/jdbc/config/spring-jdbc-3.1.xsd, http://www.springframework.org/schema/tool/spring-tool-3.1.xsd=org/springframework/beans/factory/xml/spring-tool-3.1.xsd, http://www.springframework.org/schema/aop/spring-aop.xsd=org/springframework/aop/config/spring-aop-3.2.xsd, http://www.springframework.org/schema/jee/spring-jee-3.1.xsd=org/springframework/ejb/config/spring-jee-3.1.xsd, http://www.springframework.org/schema/tx/spring-tx-3.2.xsd=org/springframework/transaction/config/spring-tx-3.2.xsd, http://www.springframework.org/schema/context/spring-context-3.2.xsd=org/springframework/context/config/spring-context-3.2.xsd, http://www.springframework.org/schema/beans/spring-beans-2.0.xsd=org/springframework/beans/factory/xml/spring-beans-2.0.xsd, http://www.springframework.org/schema/util/spring-util-3.2.xsd=org/springframework/beans/factory/xml/spring-util-3.2.xsd, http://www.springframework.org/schema/mvc/spring-mvc-3.0.xsd=org/springframework/web/servlet/config/spring-mvc-3.0.xsd, http://www.springframework.org/schema/lang/spring-lang-3.2.xsd=org/springframework/scripting/config/spring-lang-3.2.xsd, http://www.springframework.org/schema/beans/spring-beans-3.0.xsd=org/springframework/beans/factory/xml/spring-beans-3.0.xsd, http://www.springframework.org/schema/cache/spring-cache-3.2.xsd=org/springframework/cache/config/spring-cache-3.2.xsd, http://www.springframework.org/schema/task/spring-task-3.0.xsd=org/springframework/scheduling/config/spring-task-3.0.xsd, http://mybatis.org/schema/mybatis-spring.xsd=org/mybatis/spring/config/mybatis-spring-1.2.xsd, http://www.springframework.org/schema/oxm/spring-oxm-3.2.xsd=org/springframework/oxm/config/spring-oxm-3.2.xsd, http://www.springframework.org/schema/tx/spring-tx-2.5.xsd=org/springframework/transaction/config/spring-tx-2.5.xsd, http://www.springframework.org/schema/context/spring-context-2.5.xsd=org/springframework/context/config/spring-context-2.5.xsd, http://www.springframework.org/schema/jdbc/spring-jdbc-3.0.xsd=org/springframework/jdbc/config/spring-jdbc-3.0.xsd, http://www.springframework.org/schema/tool/spring-tool-3.0.xsd=org/springframework/beans/factory/xml/spring-tool-3.0.xsd, http://www.springframework.org/schema/tx/spring-tx.xsd=org/springframework/transaction/config/spring-tx-3.2.xsd, http://www.springframework.org/schema/tool/spring-tool-2.0.xsd=org/springframework/beans/factory/xml/spring-tool-2.0.xsd, http://www.springframework.org/schema/util/spring-util-2.5.xsd=org/springframework/beans/factory/xml/spring-util-2.5.xsd, http://www.springframework.org/schema/lang/spring-lang.xsd=org/springframework/scripting/config/spring-lang-3.2.xsd, http://www.springframework.org/schema/lang/spring-lang-2.5.xsd=org/springframework/scripting/config/spring-lang-2.5.xsd, http://www.springframework.org/schema/aop/spring-aop-3.2.xsd=org/springframework/aop/config/spring-aop-3.2.xsd, http://www.springframework.org/schema/jee/spring-jee-3.0.xsd=org/springframework/ejb/config/spring-jee-3.0.xsd, http://www.springframework.org/schema/tx/spring-tx-3.1.xsd=org/springframework/transaction/config/spring-tx-3.1.xsd, http://www.springframework.org/schema/jee/spring-jee-2.0.xsd=org/springframework/ejb/config/spring-jee-2.0.xsd, http://www.springframework.org/schema/context/spring-context-3.1.xsd=org/springframework/context/config/spring-context-3.1.xsd, http://www.springframework.org/schema/util/spring-util-3.1.xsd=org/springframework/beans/factory/xml/spring-util-3.1.xsd, http://www.springframework.org/schema/lang/spring-lang-3.1.xsd=org/springframework/scripting/config/spring-lang-3.1.xsd, http://www.springframework.org/schema/cache/spring-cache-3.1.xsd=org/springframework/cache/config/spring-cache-3.1.xsd, http://www.springframework.org/schema/context/spring-context.xsd=org/springframework/context/config/spring-context-3.2.xsd, http://www.springframework.org/schema/jee/spring-jee.xsd=org/springframework/ejb/config/spring-jee-3.2.xsd, http://www.springframework.org/schema/oxm/spring-oxm-3.1.xsd=org/springframework/oxm/config/spring-oxm-3.1.xsd, http://www.springframework.org/schema/aop/spring-aop-2.5.xsd=org/springframework/aop/config/spring-aop-2.5.xsd, http://www.springframework.org/schema/mvc/spring-mvc.xsd=org/springframework/web/servlet/config/spring-mvc-3.2.xsd, http://www.springframework.org/schema/jdbc/spring-jdbc.xsd=org/springframework/jdbc/config/spring-jdbc-3.2.xsd, http://www.springframework.org/schema/mvc/spring-mvc-3.2.xsd=org/springframework/web/servlet/config/spring-mvc-3.2.xsd, http://www.springframework.org/schema/beans/spring-beans-3.2.xsd=org/springframework/beans/factory/xml/spring-beans-3.2.xsd, http://www.springframework.org/schema/aop/spring-aop-3.1.xsd=org/springframework/aop/config/spring-aop-3.1.xsd, http://www.springframework.org/schema/tx/spring-tx-2.0.xsd=org/springframework/transaction/config/spring-tx-2.0.xsd, http://www.springframework.org/schema/task/spring-task-3.2.xsd=org/springframework/scheduling/config/spring-task-3.2.xsd, http://www.springframework.org/schema/tx/spring-tx-3.0.xsd=org/springframework/transaction/config/spring-tx-3.0.xsd, http://www.springframework.org/schema/context/spring-context-3.0.xsd=org/springframework/context/config/spring-context-3.0.xsd, http://www.springframework.org/schema/tool/spring-tool.xsd=org/springframework/beans/factory/xml/spring-tool-3.2.xsd, http://www.springframework.org/schema/util/spring-util-3.0.xsd=org/springframework/beans/factory/xml/spring-util-3.0.xsd, http://www.springframework.org/schema/lang/spring-lang-3.0.xsd=org/springframework/scripting/config/spring-lang-3.0.xsd, http://www.springframework.org/schema/util/spring-util-2.0.xsd=org/springframework/beans/factory/xml/spring-util-2.0.xsd, http://www.springframework.org/schema/lang/spring-lang-2.0.xsd=org/springframework/scripting/config/spring-lang-2.0.xsd, http://www.springframework.org/schema/jdbc/spring-jdbc-3.2.xsd=org/springframework/jdbc/config/spring-jdbc-3.2.xsd, http://www.springframework.org/schema/tool/spring-tool-3.2.xsd=org/springframework/beans/factory/xml/spring-tool-3.2.xsd, http://www.springframework.org/schema/beans/spring-beans-2.5.xsd=org/springframework/beans/factory/xml/spring-beans-2.5.xsd}
[org.springframework.beans.factory.xml.PluggableSchemaResolver]Found XML schema [http://www.springframework.org/schema/beans/spring-beans-3.0.xsd] in classpath: org/springframework/beans/factory/xml/spring-beans-3.0.xsd
[org.springframework.beans.factory.xml.PluggableSchemaResolver]Trying to resolve XML entity with public id [null] and system id [http://www.springframework.org/schema/context/spring-context-3.0.xsd]
[org.springframework.beans.factory.xml.PluggableSchemaResolver]Found XML schema [http://www.springframework.org/schema/context/spring-context-3.0.xsd] in classpath: org/springframework/context/config/spring-context-3.0.xsd
[org.springframework.beans.factory.xml.PluggableSchemaResolver]Trying to resolve XML entity with public id [null] and system id [http://www.springframework.org/schema/tool/spring-tool-3.0.xsd]
[org.springframework.beans.factory.xml.PluggableSchemaResolver]Found XML schema [http://www.springframework.org/schema/tool/spring-tool-3.0.xsd] in classpath: org/springframework/beans/factory/xml/spring-tool-3.0.xsd
[org.springframework.beans.factory.xml.DefaultBeanDefinitionDocumentReader]Loading bean definitions
[org.springframework.beans.factory.xml.DefaultNamespaceHandlerResolver]Loaded NamespaceHandler mappings: {http://www.springframework.org/schema/p=org.springframework.beans.factory.xml.SimplePropertyNamespaceHandler, http://www.springframework.org/schema/mvc=org.springframework.web.servlet.config.MvcNamespaceHandler, http://www.springframework.org/schema/util=org.springframework.beans.factory.xml.UtilNamespaceHandler, http://www.springframework.org/schema/jee=org.springframework.ejb.config.JeeNamespaceHandler, http://www.springframework.org/schema/aop=org.springframework.aop.config.AopNamespaceHandler, http://www.springframework.org/schema/jdbc=org.springframework.jdbc.config.JdbcNamespaceHandler, http://www.springframework.org/schema/oxm=org.springframework.oxm.config.OxmNamespaceHandler, http://www.springframework.org/schema/cache=org.springframework.cache.config.CacheNamespaceHandler, http://mybatis.org/schema/mybatis-spring=org.mybatis.spring.config.NamespaceHandler, http://www.springframework.org/schema/c=org.springframework.beans.factory.xml.SimpleConstructorNamespaceHandler, http://www.springframework.org/schema/tx=org.springframework.transaction.config.TxNamespaceHandler, http://www.springframework.org/schema/task=org.springframework.scheduling.config.TaskNamespaceHandler, http://www.springframework.org/schema/lang=org.springframework.scripting.config.LangNamespaceHandler, http://www.springframework.org/schema/context=org.springframework.context.config.ContextNamespaceHandler}
[org.springframework.core.io.support.PathMatchingResourcePatternResolver]Looking for matching resources in directory tree [E:\workspace\workspace_scfw\scfw\target\classes\scfw\service]
[org.springframework.core.io.support.PathMatchingResourcePatternResolver]Searching directory [E:\workspace\workspace_scfw\scfw\target\classes\scfw\service] for files matching pattern [E:/workspace/workspace_scfw/scfw/target/classes/scfw/service/**/*.class]
[org.springframework.core.io.support.PathMatchingResourcePatternResolver]Searching directory [E:\workspace\workspace_scfw\scfw\target\classes\scfw\service\model] for files matching pattern [E:/workspace/workspace_scfw/scfw/target/classes/scfw/service/**/*.class]
[org.springframework.core.io.support.PathMatchingResourcePatternResolver]Resolved location pattern [classpath*:scfw/service/**/*.class] to resources [file [E:\workspace\workspace_scfw\scfw\target\classes\scfw\service\FoodServiceI.class], file [E:\workspace\workspace_scfw\scfw\target\classes\scfw\service\FoodServiceImpl.class], file [E:\workspace\workspace_scfw\scfw\target\classes\scfw\service\model\FoodSrModel.class], file [E:\workspace\workspace_scfw\scfw\target\classes\scfw\service\model\UserSpModel.class], file [E:\workspace\workspace_scfw\scfw\target\classes\scfw\service\model\UserSrModel.class], file [E:\workspace\workspace_scfw\scfw\target\classes\scfw\service\UserServiceI.class], file [E:\workspace\workspace_scfw\scfw\target\classes\scfw\service\UserServiceImpl.class], file [E:\workspace\workspace_scfw\scfw\target\classes\scfw\service\ValSetServiceI.class], file [E:\workspace\workspace_scfw\scfw\target\classes\scfw\service\ValSetServiceImpl.class]]
[org.springframework.context.annotation.ClassPathBeanDefinitionScanner]Scanning file [E:\workspace\workspace_scfw\scfw\target\classes\scfw\service\FoodServiceI.class]
[org.springframework.context.annotation.ClassPathBeanDefinitionScanner]Ignored because not matching any filter: file [E:\workspace\workspace_scfw\scfw\target\classes\scfw\service\FoodServiceI.class]
[org.springframework.context.annotation.ClassPathBeanDefinitionScanner]Scanning file [E:\workspace\workspace_scfw\scfw\target\classes\scfw\service\FoodServiceImpl.class]
[org.springframework.context.annotation.ClassPathBeanDefinitionScanner]Identified candidate component class: file [E:\workspace\workspace_scfw\scfw\target\classes\scfw\service\FoodServiceImpl.class]
[org.springframework.context.annotation.ClassPathBeanDefinitionScanner]Scanning file [E:\workspace\workspace_scfw\scfw\target\classes\scfw\service\model\FoodSrModel.class]
[org.springframework.context.annotation.ClassPathBeanDefinitionScanner]Ignored because not matching any filter: file [E:\workspace\workspace_scfw\scfw\target\classes\scfw\service\model\FoodSrModel.class]
[org.springframework.context.annotation.ClassPathBeanDefinitionScanner]Scanning file [E:\workspace\workspace_scfw\scfw\target\classes\scfw\service\model\UserSpModel.class]
[org.springframework.context.annotation.ClassPathBeanDefinitionScanner]Ignored because not matching any filter: file [E:\workspace\workspace_scfw\scfw\target\classes\scfw\service\model\UserSpModel.class]
[org.springframework.context.annotation.ClassPathBeanDefinitionScanner]Scanning file [E:\workspace\workspace_scfw\scfw\target\classes\scfw\service\model\UserSrModel.class]
[org.springframework.context.annotation.ClassPathBeanDefinitionScanner]Ignored because not matching any filter: file [E:\workspace\workspace_scfw\scfw\target\classes\scfw\service\model\UserSrModel.class]
[org.springframework.context.annotation.ClassPathBeanDefinitionScanner]Scanning file [E:\workspace\workspace_scfw\scfw\target\classes\scfw\service\UserServiceI.class]
[org.springframework.context.annotation.ClassPathBeanDefinitionScanner]Ignored because not matching any filter: file [E:\workspace\workspace_scfw\scfw\target\classes\scfw\service\UserServiceI.class]
[org.springframework.context.annotation.ClassPathBeanDefinitionScanner]Scanning file [E:\workspace\workspace_scfw\scfw\target\classes\scfw\service\UserServiceImpl.class]
[org.springframework.context.annotation.ClassPathBeanDefinitionScanner]Identified candidate component class: file [E:\workspace\workspace_scfw\scfw\target\classes\scfw\service\UserServiceImpl.class]
[org.springframework.context.annotation.ClassPathBeanDefinitionScanner]Scanning file [E:\workspace\workspace_scfw\scfw\target\classes\scfw\service\ValSetServiceI.class]
[org.springframework.context.annotation.ClassPathBeanDefinitionScanner]Ignored because not matching any filter: file [E:\workspace\workspace_scfw\scfw\target\classes\scfw\service\ValSetServiceI.class]
[org.springframework.context.annotation.ClassPathBeanDefinitionScanner]Scanning file [E:\workspace\workspace_scfw\scfw\target\classes\scfw\service\ValSetServiceImpl.class]
[org.springframework.context.annotation.ClassPathBeanDefinitionScanner]Identified candidate component class: file [E:\workspace\workspace_scfw\scfw\target\classes\scfw\service\ValSetServiceImpl.class]
[org.springframework.beans.factory.xml.XmlBeanDefinitionReader]Loaded 8 bean definitions from location pattern [classpath:spring.xml]
[org.springframework.beans.factory.xml.XmlBeanDefinitionReader]Loading XML bean definitions from class path resource [spring-mybatis.xml]
[org.springframework.beans.factory.xml.DefaultDocumentLoader]Using JAXP provider [com.sun.org.apache.xerces.internal.jaxp.DocumentBuilderFactoryImpl]
[org.springframework.beans.factory.xml.PluggableSchemaResolver]Trying to resolve XML entity with public id [null] and system id [http://www.springframework.org/schema/beans/spring-beans-3.0.xsd]
[org.springframework.beans.factory.xml.PluggableSchemaResolver]Found XML schema [http://www.springframework.org/schema/beans/spring-beans-3.0.xsd] in classpath: org/springframework/beans/factory/xml/spring-beans-3.0.xsd
[org.springframework.beans.factory.xml.PluggableSchemaResolver]Trying to resolve XML entity with public id [null] and system id [http://www.springframework.org/schema/tx/spring-tx-3.0.xsd]
[org.springframework.beans.factory.xml.PluggableSchemaResolver]Found XML schema [http://www.springframework.org/schema/tx/spring-tx-3.0.xsd] in classpath: org/springframework/transaction/config/spring-tx-3.0.xsd
[org.springframework.beans.factory.xml.PluggableSchemaResolver]Trying to resolve XML entity with public id [null] and system id [http://www.springframework.org/schema/tool/spring-tool-3.0.xsd]
[org.springframework.beans.factory.xml.PluggableSchemaResolver]Found XML schema [http://www.springframework.org/schema/tool/spring-tool-3.0.xsd] in classpath: org/springframework/beans/factory/xml/spring-tool-3.0.xsd
[org.springframework.beans.factory.xml.PluggableSchemaResolver]Trying to resolve XML entity with public id [null] and system id [http://www.springframework.org/schema/aop/spring-aop-3.0.xsd]
[org.springframework.beans.factory.xml.PluggableSchemaResolver]Found XML schema [http://www.springframework.org/schema/aop/spring-aop-3.0.xsd] in classpath: org/springframework/aop/config/spring-aop-3.0.xsd
[org.springframework.beans.factory.xml.DefaultBeanDefinitionDocumentReader]Loading bean definitions
[org.springframework.beans.factory.xml.BeanDefinitionParserDelegate]No XML &apos;id&apos; specified - using &apos;dataSource&apos; as bean name and [] as aliases
[org.springframework.beans.factory.xml.BeanDefinitionParserDelegate]Neither XML &apos;id&apos; nor &apos;name&apos; specified - using generated bean name [org.mybatis.spring.mapper.MapperScannerConfigurer#0]
[org.springframework.beans.factory.xml.XmlBeanDefinitionReader]Loaded 11 bean definitions from location pattern [classpath:spring-mybatis.xml]
[org.springframework.context.support.GenericApplicationContext]Refreshing org.springframework.context.support.GenericApplicationContext@abeafe7: startup date [Sun May 31 19:24:35 CST 2015]; root of context hierarchy
[org.springframework.context.support.GenericApplicationContext]Bean factory for org.springframework.context.support.GenericApplicationContext@abeafe7: org.springframework.beans.factory.support.DefaultListableBeanFactory@2b3b5229: defining beans [org.springframework.beans.factory.config.PropertyPlaceholderConfigurer#0,foodService,userService,valSetService,org.springframework.context.annotation.internalConfigurationAnnotationProcessor,org.springframework.context.annotation.internalAutowiredAnnotationProcessor,org.springframework.context.annotation.internalRequiredAnnotationProcessor,org.springframework.context.annotation.internalCommonAnnotationProcessor,dataSource,sqlSessionFactory,org.mybatis.spring.mapper.MapperScannerConfigurer#0,transactionManager,transactionAdvice,org.springframework.aop.config.internalAutoProxyCreator,transactionPointcut,org.springframework.aop.support.DefaultBeanFactoryPointcutAdvisor#0,druid-stat-interceptor,druid-stat-pointcut,org.springframework.aop.support.DefaultBeanFactoryPointcutAdvisor#1]; root of factory hierarchy
[org.springframework.beans.factory.support.DefaultListableBeanFactory]Creating shared instance of singleton bean &apos;org.springframework.context.annotation.internalConfigurationAnnotationProcessor&apos;
[org.springframework.beans.factory.support.DefaultListableBeanFactory]Creating instance of bean &apos;org.springframework.context.annotation.internalConfigurationAnnotationProcessor&apos;
[org.springframework.beans.factory.support.DefaultListableBeanFactory]Eagerly caching bean &apos;org.springframework.context.annotation.internalConfigurationAnnotationProcessor&apos; to allow for resolving potential circular references
[org.springframework.beans.factory.support.DefaultListableBeanFactory]Finished creating instance of bean &apos;org.springframework.context.annotation.internalConfigurationAnnotationProcessor&apos;
[org.springframework.beans.factory.support.DefaultListableBeanFactory]Creating shared instance of singleton bean &apos;org.mybatis.spring.mapper.MapperScannerConfigurer#0&apos;
[org.springframework.beans.factory.support.DefaultListableBeanFactory]Creating instance of bean &apos;org.mybatis.spring.mapper.MapperScannerConfigurer#0&apos;
[org.springframework.beans.factory.support.DefaultListableBeanFactory]Eagerly caching bean &apos;org.mybatis.spring.mapper.MapperScannerConfigurer#0&apos; to allow for resolving potential circular references
[org.springframework.core.io.support.SpringFactoriesLoader]Loaded [org.springframework.beans.BeanInfoFactory] names: [org.springframework.beans.ExtendedBeanInfoFactory]
[org.springframework.beans.CachedIntrospectionResults]Getting BeanInfo for class [org.mybatis.spring.mapper.MapperScannerConfigurer]
[org.springframework.beans.CachedIntrospectionResults]Caching PropertyDescriptors for class [org.mybatis.spring.mapper.MapperScannerConfigurer]
[org.springframework.beans.CachedIntrospectionResults]Found bean property &apos;addToConfig&apos; of type [boolean]
[org.springframework.beans.CachedIntrospectionResults]Found bean property &apos;annotationClass&apos; of type [java.lang.Class]
[org.springframework.beans.CachedIntrospectionResults]Found bean property &apos;applicationContext&apos; of type [org.springframework.context.ApplicationContext]
[org.springframework.beans.CachedIntrospectionResults]Found bean property &apos;basePackage&apos; of type [java.lang.String]
[org.springframework.beans.CachedIntrospectionResults]Found bean property &apos;beanName&apos; of type [java.lang.String]
[org.springframework.beans.CachedIntrospectionResults]Found bean property &apos;class&apos; of type [java.lang.Class]
[org.springframework.beans.CachedIntrospectionResults]Found bean property &apos;markerInterface&apos; of type [java.lang.Class]
[org.springframework.beans.CachedIntrospectionResults]Found bean property &apos;nameGenerator&apos; of type [org.springframework.beans.factory.support.BeanNameGenerator]
[org.springframework.beans.CachedIntrospectionResults]Found bean property &apos;processPropertyPlaceHolders&apos; of type [boolean]
[org.springframework.beans.CachedIntrospectionResults]Found bean property &apos;sqlSessionFactory&apos; of type [org.apache.ibatis.session.SqlSessionFactory]
[org.springframework.beans.CachedIntrospectionResults]Found bean property &apos;sqlSessionFactoryBeanName&apos; of type [java.lang.String]
[org.springframework.beans.CachedIntrospectionResults]Found bean property &apos;sqlSessionTemplate&apos; of type [org.mybatis.spring.SqlSessionTemplate]
[org.springframework.beans.CachedIntrospectionResults]Found bean property &apos;sqlSessionTemplateBeanName&apos; of type [java.lang.String]
[org.springframework.beans.factory.support.DefaultListableBeanFactory]Invoking afterPropertiesSet() on bean with name &apos;org.mybatis.spring.mapper.MapperScannerConfigurer#0&apos;
[org.springframework.beans.factory.support.DefaultListableBeanFactory]Finished creating instance of bean &apos;org.mybatis.spring.mapper.MapperScannerConfigurer#0&apos;
[org.springframework.core.env.StandardEnvironment]Initializing new StandardEnvironment
[org.springframework.core.env.StandardEnvironment]Adding [systemProperties] PropertySource with lowest search precedence
[org.springframework.core.env.StandardEnvironment]Adding [systemEnvironment] PropertySource with lowest search precedence
[org.springframework.core.env.StandardEnvironment]Initialized StandardEnvironment with PropertySources [systemProperties,systemEnvironment]
[org.springframework.core.io.support.PathMatchingResourcePatternResolver]Looking for matching resources in directory tree [E:\workspace\workspace_scfw\scfw\target\classes\scfw\dao]
[org.springframework.core.io.support.PathMatchingResourcePatternResolver]Searching directory [E:\workspace\workspace_scfw\scfw\target\classes\scfw\dao] for files matching pattern [E:/workspace/workspace_scfw/scfw/target/classes/scfw/dao/**/*.class]
[org.springframework.core.io.support.PathMatchingResourcePatternResolver]Resolved location pattern [classpath*:scfw/dao/**/*.class] to resources [file [E:\workspace\workspace_scfw\scfw\target\classes\scfw\dao\FoodMapper.class], file [E:\workspace\workspace_scfw\scfw\target\classes\scfw\dao\OrderItemMapper.class], file [E:\workspace\workspace_scfw\scfw\target\classes\scfw\dao\OrderTotalMapper.class], file [E:\workspace\workspace_scfw\scfw\target\classes\scfw\dao\SysRoleMapper.class], file [E:\workspace\workspace_scfw\scfw\target\classes\scfw\dao\SysUserMapper.class], file [E:\workspace\workspace_scfw\scfw\target\classes\scfw\dao\SysUserRoleMapper.class], file [E:\workspace\workspace_scfw\scfw\target\classes\scfw\dao\SysValSetMainMapper.class], file [E:\workspace\workspace_scfw\scfw\target\classes\scfw\dao\SysValSetMapper.class]]
[org.mybatis.spring.mapper.ClassPathMapperScanner]Scanning file [E:\workspace\workspace_scfw\scfw\target\classes\scfw\dao\FoodMapper.class]
[org.mybatis.spring.mapper.ClassPathMapperScanner]Identified candidate component class: file [E:\workspace\workspace_scfw\scfw\target\classes\scfw\dao\FoodMapper.class]
[org.mybatis.spring.mapper.ClassPathMapperScanner]Scanning file [E:\workspace\workspace_scfw\scfw\target\classes\scfw\dao\OrderItemMapper.class]
[org.mybatis.spring.mapper.ClassPathMapperScanner]Identified candidate component class: file [E:\workspace\workspace_scfw\scfw\target\classes\scfw\dao\OrderItemMapper.class]
[org.mybatis.spring.mapper.ClassPathMapperScanner]Scanning file [E:\workspace\workspace_scfw\scfw\target\classes\scfw\dao\OrderTotalMapper.class]
[org.mybatis.spring.mapper.ClassPathMapperScanner]Identified candidate component class: file [E:\workspace\workspace_scfw\scfw\target\classes\scfw\dao\OrderTotalMapper.class]
[org.mybatis.spring.mapper.ClassPathMapperScanner]Scanning file [E:\workspace\workspace_scfw\scfw\target\classes\scfw\dao\SysRoleMapper.class]
[org.mybatis.spring.mapper.ClassPathMapperScanner]Identified candidate component class: file [E:\workspace\workspace_scfw\scfw\target\classes\scfw\dao\SysRoleMapper.class]
[org.mybatis.spring.mapper.ClassPathMapperScanner]Scanning file [E:\workspace\workspace_scfw\scfw\target\classes\scfw\dao\SysUserMapper.class]
[org.mybatis.spring.mapper.ClassPathMapperScanner]Identified candidate component class: file [E:\workspace\workspace_scfw\scfw\target\classes\scfw\dao\SysUserMapper.class]
[org.mybatis.spring.mapper.ClassPathMapperScanner]Scanning file [E:\workspace\workspace_scfw\scfw\target\classes\scfw\dao\SysUserRoleMapper.class]
[org.mybatis.spring.mapper.ClassPathMapperScanner]Identified candidate component class: file [E:\workspace\workspace_scfw\scfw\target\classes\scfw\dao\SysUserRoleMapper.class]
[org.mybatis.spring.mapper.ClassPathMapperScanner]Scanning file [E:\workspace\workspace_scfw\scfw\target\classes\scfw\dao\SysValSetMainMapper.class]
[org.mybatis.spring.mapper.ClassPathMapperScanner]Identified candidate component class: file [E:\workspace\workspace_scfw\scfw\target\classes\scfw\dao\SysValSetMainMapper.class]
[org.mybatis.spring.mapper.ClassPathMapperScanner]Scanning file [E:\workspace\workspace_scfw\scfw\target\classes\scfw\dao\SysValSetMapper.class]
[org.mybatis.spring.mapper.ClassPathMapperScanner]Identified candidate component class: file [E:\workspace\workspace_scfw\scfw\target\classes\scfw\dao\SysValSetMapper.class]
[org.mybatis.spring.mapper.ClassPathMapperScanner]Creating MapperFactoryBean with name &apos;foodMapper&apos; and &apos;scfw.dao.FoodMapper&apos; mapperInterface
[org.mybatis.spring.mapper.ClassPathMapperScanner]Creating MapperFactoryBean with name &apos;orderItemMapper&apos; and &apos;scfw.dao.OrderItemMapper&apos; mapperInterface
[org.mybatis.spring.mapper.ClassPathMapperScanner]Creating MapperFactoryBean with name &apos;orderTotalMapper&apos; and &apos;scfw.dao.OrderTotalMapper&apos; mapperInterface
[org.mybatis.spring.mapper.ClassPathMapperScanner]Creating MapperFactoryBean with name &apos;sysRoleMapper&apos; and &apos;scfw.dao.SysRoleMapper&apos; mapperInterface
[org.mybatis.spring.mapper.ClassPathMapperScanner]Creating MapperFactoryBean with name &apos;sysUserMapper&apos; and &apos;scfw.dao.SysUserMapper&apos; mapperInterface
[org.mybatis.spring.mapper.ClassPathMapperScanner]Creating MapperFactoryBean with name &apos;sysUserRoleMapper&apos; and &apos;scfw.dao.SysUserRoleMapper&apos; mapperInterface
[org.mybatis.spring.mapper.ClassPathMapperScanner]Creating MapperFactoryBean with name &apos;sysValSetMainMapper&apos; and &apos;scfw.dao.SysValSetMainMapper&apos; mapperInterface
[org.mybatis.spring.mapper.ClassPathMapperScanner]Creating MapperFactoryBean with name &apos;sysValSetMapper&apos; and &apos;scfw.dao.SysValSetMapper&apos; mapperInterface
[org.springframework.beans.factory.support.DefaultListableBeanFactory]Creating shared instance of singleton bean &apos;org.springframework.beans.factory.config.PropertyPlaceholderConfigurer#0&apos;
[org.springframework.beans.factory.support.DefaultListableBeanFactory]Creating instance of bean &apos;org.springframework.beans.factory.config.PropertyPlaceholderConfigurer#0&apos;
[org.springframework.beans.factory.support.DefaultListableBeanFactory]Eagerly caching bean &apos;org.springframework.beans.factory.config.PropertyPlaceholderConfigurer#0&apos; to allow for resolving potential circular references
[org.springframework.beans.CachedIntrospectionResults]Getting BeanInfo for class [org.springframework.beans.factory.config.PropertyPlaceholderConfigurer]
[org.springframework.beans.CachedIntrospectionResults]Caching PropertyDescriptors for class [org.springframework.beans.factory.config.PropertyPlaceholderConfigurer]
[org.springframework.beans.CachedIntrospectionResults]Found bean property &apos;beanFactory&apos; of type [org.springframework.beans.factory.BeanFactory]
[org.springframework.beans.CachedIntrospectionResults]Found bean property &apos;beanName&apos; of type [java.lang.String]
[org.springframework.beans.CachedIntrospectionResults]Found bean property &apos;class&apos; of type [java.lang.Class]
[org.springframework.beans.CachedIntrospectionResults]Found bean property &apos;fileEncoding&apos; of type [java.lang.String]
[org.springframework.beans.CachedIntrospectionResults]Found bean property &apos;ignoreResourceNotFound&apos; of type [boolean]
[org.springframework.beans.CachedIntrospectionResults]Found bean property &apos;ignoreUnresolvablePlaceholders&apos; of type [boolean]
[org.springframework.beans.CachedIntrospectionResults]Found bean property &apos;localOverride&apos; of type [boolean]
[org.springframework.beans.CachedIntrospectionResults]Found bean property &apos;location&apos; of type [org.springframework.core.io.Resource]
[org.springframework.beans.CachedIntrospectionResults]Found bean property &apos;locations&apos; of type [[Lorg.springframework.core.io.Resource;]
[org.springframework.beans.CachedIntrospectionResults]Found bean property &apos;nullValue&apos; of type [java.lang.String]
[org.springframework.beans.CachedIntrospectionResults]Found bean property &apos;order&apos; of type [int]
[org.springframework.beans.CachedIntrospectionResults]Found bean property &apos;placeholderPrefix&apos; of type [java.lang.String]
[org.springframework.beans.CachedIntrospectionResults]Found bean property &apos;placeholderSuffix&apos; of type [java.lang.String]
[org.springframework.beans.CachedIntrospectionResults]Found bean property &apos;properties&apos; of type [java.util.Properties]
[org.springframework.beans.CachedIntrospectionResults]Found bean property &apos;propertiesArray&apos; of type [[Ljava.util.Properties;]
[org.springframework.beans.CachedIntrospectionResults]Found bean property &apos;propertiesPersister&apos; of type [org.springframework.util.PropertiesPersister]
[org.springframework.beans.CachedIntrospectionResults]Found bean property &apos;searchSystemEnvironment&apos; of type [boolean]
[org.springframework.beans.CachedIntrospectionResults]Found bean property &apos;systemPropertiesMode&apos; of type [int]
[org.springframework.beans.CachedIntrospectionResults]Found bean property &apos;systemPropertiesModeName&apos; of type [java.lang.String]
[org.springframework.beans.CachedIntrospectionResults]Found bean property &apos;valueSeparator&apos; of type [java.lang.String]
[org.springframework.beans.factory.support.DefaultListableBeanFactory]Finished creating instance of bean &apos;org.springframework.beans.factory.config.PropertyPlaceholderConfigurer#0&apos;
[org.springframework.beans.factory.config.PropertyPlaceholderConfigurer]Loading properties file from class path resource [config.properties]
[org.springframework.util.PropertyPlaceholderHelper]Resolved placeholder &apos;jdbc_url&apos;
[org.springframework.util.PropertyPlaceholderHelper]Resolved placeholder &apos;jdbc_username&apos;
[org.springframework.util.PropertyPlaceholderHelper]Resolved placeholder &apos;jdbc_password&apos;
[org.springframework.util.PropertyPlaceholderHelper]Resolved placeholder &apos;validationQuery&apos;
[org.springframework.beans.factory.support.DefaultListableBeanFactory]Creating shared instance of singleton bean &apos;org.springframework.context.annotation.internalAutowiredAnnotationProcessor&apos;
[org.springframework.beans.factory.support.DefaultListableBeanFactory]Creating instance of bean &apos;org.springframework.context.annotation.internalAutowiredAnnotationProcessor&apos;
[org.springframework.beans.factory.support.DefaultListableBeanFactory]Eagerly caching bean &apos;org.springframework.context.annotation.internalAutowiredAnnotationProcessor&apos; to allow for resolving potential circular references
[org.springframework.beans.factory.support.DefaultListableBeanFactory]Finished creating instance of bean &apos;org.springframework.context.annotation.internalAutowiredAnnotationProcessor&apos;
[org.springframework.beans.factory.support.DefaultListableBeanFactory]Creating shared instance of singleton bean &apos;org.springframework.context.annotation.internalRequiredAnnotationProcessor&apos;
[org.springframework.beans.factory.support.DefaultListableBeanFactory]Creating instance of bean &apos;org.springframework.context.annotation.internalRequiredAnnotationProcessor&apos;
[org.springframework.beans.factory.support.DefaultListableBeanFactory]Eagerly caching bean &apos;org.springframework.context.annotation.internalRequiredAnnotationProcessor&apos; to allow for resolving potential circular references
[org.springframework.beans.factory.support.DefaultListableBeanFactory]Finished creating instance of bean &apos;org.springframework.context.annotation.internalRequiredAnnotationProcessor&apos;
[org.springframework.beans.factory.support.DefaultListableBeanFactory]Creating shared instance of singleton bean &apos;org.springframework.context.annotation.internalCommonAnnotationProcessor&apos;
[org.springframework.beans.factory.support.DefaultListableBeanFactory]Creating instance of bean &apos;org.springframework.context.annotation.internalCommonAnnotationProcessor&apos;
[org.springframework.beans.factory.support.DefaultListableBeanFactory]Eagerly caching bean &apos;org.springframework.context.annotation.internalCommonAnnotationProcessor&apos; to allow for resolving potential circular references
[org.springframework.beans.factory.support.DefaultListableBeanFactory]Finished creating instance of bean &apos;org.springframework.context.annotation.internalCommonAnnotationProcessor&apos;
[org.springframework.beans.factory.support.DefaultListableBeanFactory]Creating shared instance of singleton bean &apos;org.springframework.context.annotation.ConfigurationClassPostProcessor.importAwareProcessor&apos;
[org.springframework.beans.factory.support.DefaultListableBeanFactory]Creating instance of bean &apos;org.springframework.context.annotation.ConfigurationClassPostProcessor.importAwareProcessor&apos;
[org.springframework.beans.factory.support.DefaultListableBeanFactory]Eagerly caching bean &apos;org.springframework.context.annotation.ConfigurationClassPostProcessor.importAwareProcessor&apos; to allow for resolving potential circular references
[org.springframework.beans.factory.support.DefaultListableBeanFactory]Finished creating instance of bean &apos;org.springframework.context.annotation.ConfigurationClassPostProcessor.importAwareProcessor&apos;
[org.springframework.beans.factory.support.DefaultListableBeanFactory]Creating shared instance of singleton bean &apos;org.springframework.aop.config.internalAutoProxyCreator&apos;
[org.springframework.beans.factory.support.DefaultListableBeanFactory]Creating instance of bean &apos;org.springframework.aop.config.internalAutoProxyCreator&apos;
[org.springframework.beans.factory.support.DefaultListableBeanFactory]Eagerly caching bean &apos;org.springframework.aop.config.internalAutoProxyCreator&apos; to allow for resolving potential circular references
[org.springframework.beans.CachedIntrospectionResults]Getting BeanInfo for class [org.springframework.aop.aspectj.autoproxy.AspectJAwareAdvisorAutoProxyCreator]
[org.springframework.beans.CachedIntrospectionResults]Caching PropertyDescriptors for class [org.springframework.aop.aspectj.autoproxy.AspectJAwareAdvisorAutoProxyCreator]
[org.springframework.beans.CachedIntrospectionResults]Found bean property &apos;advisorAdapterRegistry&apos; of type [org.springframework.aop.framework.adapter.AdvisorAdapterRegistry]
[org.springframework.beans.CachedIntrospectionResults]Found bean property &apos;applyCommonInterceptorsFirst&apos; of type [boolean]
[org.springframework.beans.CachedIntrospectionResults]Found bean property &apos;beanClassLoader&apos; of type [java.lang.ClassLoader]
[org.springframework.beans.CachedIntrospectionResults]Found bean property &apos;beanFactory&apos; of type [org.springframework.beans.factory.BeanFactory]
[org.springframework.beans.CachedIntrospectionResults]Found bean property &apos;class&apos; of type [java.lang.Class]
[org.springframework.beans.CachedIntrospectionResults]Found bean property &apos;customTargetSourceCreators&apos; of type [[Lorg.springframework.aop.framework.autoproxy.TargetSourceCreator;]
[org.springframework.beans.CachedIntrospectionResults]Found bean property &apos;exposeProxy&apos; of type [boolean]
[org.springframework.beans.CachedIntrospectionResults]Found bean property &apos;frozen&apos; of type [boolean]
[org.springframework.beans.CachedIntrospectionResults]Found bean property &apos;interceptorNames&apos; of type [[Ljava.lang.String;]
[org.springframework.beans.CachedIntrospectionResults]Found bean property &apos;opaque&apos; of type [boolean]
[org.springframework.beans.CachedIntrospectionResults]Found bean property &apos;optimize&apos; of type [boolean]
[org.springframework.beans.CachedIntrospectionResults]Found bean property &apos;order&apos; of type [int]
[org.springframework.beans.CachedIntrospectionResults]Found bean property &apos;proxyClassLoader&apos; of type [java.lang.ClassLoader]
[org.springframework.beans.CachedIntrospectionResults]Found bean property &apos;proxyTargetClass&apos; of type [boolean]
[org.springframework.beans.factory.support.DefaultListableBeanFactory]Finished creating instance of bean &apos;org.springframework.aop.config.internalAutoProxyCreator&apos;
[org.springframework.context.support.GenericApplicationContext]Unable to locate MessageSource with name &apos;messageSource&apos;: using default [org.springframework.context.support.DelegatingMessageSource@19c923c5]
[org.springframework.context.support.GenericApplicationContext]Unable to locate ApplicationEventMulticaster with name &apos;applicationEventMulticaster&apos;: using default [org.springframework.context.event.SimpleApplicationEventMulticaster@4ea3896b]
[org.springframework.beans.factory.support.DefaultListableBeanFactory]Pre-instantiating singletons in org.springframework.beans.factory.support.DefaultListableBeanFactory@2b3b5229: defining beans [org.springframework.beans.factory.config.PropertyPlaceholderConfigurer#0,foodService,userService,valSetService,org.springframework.context.annotation.internalConfigurationAnnotationProcessor,org.springframework.context.annotation.internalAutowiredAnnotationProcessor,org.springframework.context.annotation.internalRequiredAnnotationProcessor,org.springframework.context.annotation.internalCommonAnnotationProcessor,dataSource,sqlSessionFactory,org.mybatis.spring.mapper.MapperScannerConfigurer#0,transactionManager,transactionAdvice,org.springframework.aop.config.internalAutoProxyCreator,transactionPointcut,org.springframework.aop.support.DefaultBeanFactoryPointcutAdvisor#0,druid-stat-interceptor,druid-stat-pointcut,org.springframework.aop.support.DefaultBeanFactoryPointcutAdvisor#1,org.springframework.context.annotation.ConfigurationClassPostProcessor.importAwareProcessor,foodMapper,orderItemMapper,orderTotalMapper,sysRoleMapper,sysUserMapper,sysUserRoleMapper,sysValSetMainMapper,sysValSetMapper]; root of factory hierarchy
[org.springframework.beans.factory.support.DefaultListableBeanFactory]Returning cached instance of singleton bean &apos;org.springframework.beans.factory.config.PropertyPlaceholderConfigurer#0&apos;
[org.springframework.beans.factory.support.DefaultListableBeanFactory]Creating shared instance of singleton bean &apos;foodService&apos;
[org.springframework.beans.factory.support.DefaultListableBeanFactory]Creating instance of bean &apos;foodService&apos;
[org.springframework.beans.factory.support.DefaultListableBeanFactory]Creating shared instance of singleton bean &apos;org.springframework.aop.support.DefaultBeanFactoryPointcutAdvisor#0&apos;
[org.springframework.beans.factory.support.DefaultListableBeanFactory]Creating instance of bean &apos;org.springframework.aop.support.DefaultBeanFactoryPointcutAdvisor#0&apos;
[org.springframework.aop.aspectj.autoproxy.AspectJAwareAdvisorAutoProxyCreator]Did not attempt to auto-proxy infrastructure class [org.springframework.aop.support.DefaultBeanFactoryPointcutAdvisor]
[org.springframework.beans.factory.support.DefaultListableBeanFactory]Eagerly caching bean &apos;org.springframework.aop.support.DefaultBeanFactoryPointcutAdvisor#0&apos; to allow for resolving potential circular references
[org.springframework.beans.CachedIntrospectionResults]Getting BeanInfo for class [org.springframework.aop.support.DefaultBeanFactoryPointcutAdvisor]
[org.springframework.beans.CachedIntrospectionResults]Caching PropertyDescriptors for class [org.springframework.aop.support.DefaultBeanFactoryPointcutAdvisor]
[org.springframework.beans.CachedIntrospectionResults]Found bean property &apos;advice&apos; of type [org.aopalliance.aop.Advice]
[org.springframework.beans.CachedIntrospectionResults]Found bean property &apos;adviceBeanName&apos; of type [java.lang.String]
[org.springframework.beans.CachedIntrospectionResults]Found bean property &apos;beanFactory&apos; of type [org.springframework.beans.factory.BeanFactory]
[org.springframework.beans.CachedIntrospectionResults]Found bean property &apos;class&apos; of type [java.lang.Class]
[org.springframework.beans.CachedIntrospectionResults]Found bean property &apos;order&apos; of type [int]
[org.springframework.beans.CachedIntrospectionResults]Found bean property &apos;perInstance&apos; of type [boolean]
[org.springframework.beans.CachedIntrospectionResults]Found bean property &apos;pointcut&apos; of type [org.springframework.aop.Pointcut]
[org.springframework.beans.factory.support.DefaultListableBeanFactory]Creating instance of bean &apos;transactionPointcut&apos;
[org.springframework.beans.CachedIntrospectionResults]Getting BeanInfo for class [org.springframework.aop.aspectj.AspectJExpressionPointcut]
[org.springframework.beans.CachedIntrospectionResults]Caching PropertyDescriptors for class [org.springframework.aop.aspectj.AspectJExpressionPointcut]
[org.springframework.beans.CachedIntrospectionResults]Found bean property &apos;beanFactory&apos; of type [org.springframework.beans.factory.BeanFactory]
[org.springframework.beans.CachedIntrospectionResults]Found bean property &apos;class&apos; of type [java.lang.Class]
[org.springframework.beans.CachedIntrospectionResults]Found bean property &apos;classFilter&apos; of type [org.springframework.aop.ClassFilter]
[org.springframework.beans.CachedIntrospectionResults]Found bean property &apos;expression&apos; of type [java.lang.String]
[org.springframework.beans.CachedIntrospectionResults]Found bean property &apos;location&apos; of type [java.lang.String]
[org.springframework.beans.CachedIntrospectionResults]Found bean property &apos;methodMatcher&apos; of type [org.springframework.aop.MethodMatcher]
[org.springframework.beans.CachedIntrospectionResults]Found bean property &apos;parameterNames&apos; of type [[Ljava.lang.String;]
[org.springframework.beans.CachedIntrospectionResults]Found bean property &apos;parameterTypes&apos; of type [[Ljava.lang.Class;]
[org.springframework.beans.CachedIntrospectionResults]Found bean property &apos;pointcutDeclarationScope&apos; of type [java.lang.Class]
[org.springframework.beans.CachedIntrospectionResults]Found bean property &apos;pointcutExpression&apos; of type [org.aspectj.weaver.tools.PointcutExpression]
[org.springframework.beans.CachedIntrospectionResults]Found bean property &apos;runtime&apos; of type [boolean]
[org.springframework.beans.factory.support.DefaultListableBeanFactory]Finished creating instance of bean &apos;transactionPointcut&apos;
[org.springframework.beans.factory.support.DefaultListableBeanFactory]Finished creating instance of bean &apos;org.springframework.aop.support.DefaultBeanFactoryPointcutAdvisor#0&apos;
[org.springframework.beans.factory.support.DefaultListableBeanFactory]Creating shared instance of singleton bean &apos;org.springframework.aop.support.DefaultBeanFactoryPointcutAdvisor#1&apos;
[org.springframework.beans.factory.support.DefaultListableBeanFactory]Creating instance of bean &apos;org.springframework.aop.support.DefaultBeanFactoryPointcutAdvisor#1&apos;
[org.springframework.aop.aspectj.autoproxy.AspectJAwareAdvisorAutoProxyCreator]Did not attempt to auto-proxy infrastructure class [org.springframework.aop.support.DefaultBeanFactoryPointcutAdvisor]
[org.springframework.beans.factory.support.DefaultListableBeanFactory]Eagerly caching bean &apos;org.springframework.aop.support.DefaultBeanFactoryPointcutAdvisor#1&apos; to allow for resolving potential circular references
[org.springframework.beans.factory.support.DefaultListableBeanFactory]Creating instance of bean &apos;druid-stat-pointcut&apos;
[org.springframework.beans.factory.support.DefaultListableBeanFactory]Returning cached instance of singleton bean &apos;org.springframework.aop.support.DefaultBeanFactoryPointcutAdvisor#0&apos;
[org.springframework.beans.CachedIntrospectionResults]Getting BeanInfo for class [org.springframework.aop.support.JdkRegexpMethodPointcut]
[org.springframework.beans.CachedIntrospectionResults]Caching PropertyDescriptors for class [org.springframework.aop.support.JdkRegexpMethodPointcut]
[org.springframework.beans.CachedIntrospectionResults]Found bean property &apos;class&apos; of type [java.lang.Class]
[org.springframework.beans.CachedIntrospectionResults]Found bean property &apos;classFilter&apos; of type [org.springframework.aop.ClassFilter]
[org.springframework.beans.CachedIntrospectionResults]Found bean property &apos;excludedPattern&apos; of type [java.lang.String]
[org.springframework.beans.CachedIntrospectionResults]Found bean property &apos;excludedPatterns&apos; of type [[Ljava.lang.String;]
[org.springframework.beans.CachedIntrospectionResults]Found bean property &apos;methodMatcher&apos; of type [org.springframework.aop.MethodMatcher]
[org.springframework.beans.CachedIntrospectionResults]Found bean property &apos;pattern&apos; of type [java.lang.String]
[org.springframework.beans.CachedIntrospectionResults]Found bean property &apos;patterns&apos; of type [[Ljava.lang.String;]
[org.springframework.beans.CachedIntrospectionResults]Found bean property &apos;runtime&apos; of type [boolean]
[org.springframework.beans.factory.support.DefaultListableBeanFactory]Returning cached instance of singleton bean &apos;org.springframework.aop.support.DefaultBeanFactoryPointcutAdvisor#0&apos;
[org.springframework.beans.factory.support.DefaultListableBeanFactory]Returning cached instance of singleton bean &apos;org.springframework.aop.support.DefaultBeanFactoryPointcutAdvisor#0&apos;
[org.springframework.beans.factory.support.DefaultListableBeanFactory]Finished creating instance of bean &apos;druid-stat-pointcut&apos;
[org.springframework.beans.factory.support.DefaultListableBeanFactory]Finished creating instance of bean &apos;org.springframework.aop.support.DefaultBeanFactoryPointcutAdvisor#1&apos;
[org.springframework.beans.factory.annotation.InjectionMetadata]Registered injected element on class [scfw.service.FoodServiceImpl]: AutowiredFieldElement for private scfw.dao.FoodMapper scfw.service.FoodServiceImpl.foodMapper
[org.springframework.beans.factory.annotation.InjectionMetadata]Registered injected element on class [scfw.service.FoodServiceImpl]: AutowiredFieldElement for private scfw.dao.OrderItemMapper scfw.service.FoodServiceImpl.itemMapper
[org.springframework.beans.factory.support.DefaultListableBeanFactory]Eagerly caching bean &apos;foodService&apos; to allow for resolving potential circular references
[org.springframework.beans.CachedIntrospectionResults]Getting BeanInfo for class [scfw.service.FoodServiceImpl]
[org.springframework.beans.CachedIntrospectionResults]Caching PropertyDescriptors for class [scfw.service.FoodServiceImpl]
[org.springframework.beans.CachedIntrospectionResults]Found bean property &apos;class&apos; of type [java.lang.Class]
[org.springframework.beans.CachedIntrospectionResults]Found bean property &apos;foodById&apos;
[org.springframework.beans.factory.annotation.InjectionMetadata]Processing injected method of bean &apos;foodService&apos;: AutowiredFieldElement for private scfw.dao.FoodMapper scfw.service.FoodServiceImpl.foodMapper
[org.springframework.beans.factory.support.DefaultListableBeanFactory]Returning cached instance of singleton bean &apos;org.springframework.aop.support.DefaultBeanFactoryPointcutAdvisor#0&apos;
[org.springframework.beans.factory.support.DefaultListableBeanFactory]Returning cached instance of singleton bean &apos;org.springframework.aop.support.DefaultBeanFactoryPointcutAdvisor#1&apos;
[org.apache.ibatis.logging.LogFactory]Logging initialized using &apos;class org.apache.ibatis.logging.slf4j.Slf4jImpl&apos; adapter.
[org.springframework.beans.factory.support.DefaultListableBeanFactory]Returning cached instance of singleton bean &apos;org.springframework.aop.support.DefaultBeanFactoryPointcutAdvisor#0&apos;
[org.springframework.beans.factory.support.DefaultListableBeanFactory]Returning cached instance of singleton bean &apos;org.springframework.aop.support.DefaultBeanFactoryPointcutAdvisor#1&apos;
[org.springframework.beans.factory.support.DefaultListableBeanFactory]Creating shared instance of singleton bean &apos;foodMapper&apos;
[org.springframework.beans.factory.support.DefaultListableBeanFactory]Creating instance of bean &apos;foodMapper&apos;
[org.springframework.beans.factory.support.DefaultListableBeanFactory]Eagerly caching bean &apos;foodMapper&apos; to allow for resolving potential circular references
[org.springframework.beans.CachedIntrospectionResults]Getting BeanInfo for class [org.mybatis.spring.mapper.MapperFactoryBean]
[org.springframework.beans.CachedIntrospectionResults]Caching PropertyDescriptors for class [org.mybatis.spring.mapper.MapperFactoryBean]
[org.springframework.beans.CachedIntrospectionResults]Found bean property &apos;addToConfig&apos; of type [boolean]
[org.springframework.beans.CachedIntrospectionResults]Found bean property &apos;class&apos; of type [java.lang.Class]
[org.springframework.beans.CachedIntrospectionResults]Found bean property &apos;mapperInterface&apos; of type [java.lang.Class]
[org.springframework.beans.CachedIntrospectionResults]Found bean property &apos;object&apos; of type [java.lang.Object]
[org.springframework.beans.CachedIntrospectionResults]Found bean property &apos;objectType&apos; of type [java.lang.Class]
[org.springframework.beans.CachedIntrospectionResults]Found bean property &apos;singleton&apos; of type [boolean]
[org.springframework.beans.CachedIntrospectionResults]Found bean property &apos;sqlSession&apos; of type [org.apache.ibatis.session.SqlSession]
[org.springframework.beans.CachedIntrospectionResults]Found bean property &apos;sqlSessionFactory&apos; of type [org.apache.ibatis.session.SqlSessionFactory]
[org.springframework.beans.CachedIntrospectionResults]Found bean property &apos;sqlSessionTemplate&apos; of type [org.mybatis.spring.SqlSessionTemplate]
[org.springframework.beans.TypeConverterDelegate]Converting String to [class java.lang.Class] using property editor [org.springframework.beans.propertyeditors.ClassEditor@d6c902b]
[org.springframework.beans.factory.support.DefaultListableBeanFactory]Creating shared instance of singleton bean &apos;sqlSessionFactory&apos;
[org.springframework.beans.factory.support.DefaultListableBeanFactory]Creating instance of bean &apos;sqlSessionFactory&apos;
[org.springframework.beans.factory.support.DefaultListableBeanFactory]Eagerly caching bean &apos;sqlSessionFactory&apos; to allow for resolving potential circular references
[org.springframework.beans.CachedIntrospectionResults]Getting BeanInfo for class [org.mybatis.spring.SqlSessionFactoryBean]
[org.springframework.beans.CachedIntrospectionResults]Caching PropertyDescriptors for class [org.mybatis.spring.SqlSessionFactoryBean]
[org.springframework.beans.CachedIntrospectionResults]Found bean property &apos;class&apos; of type [java.lang.Class]
[org.springframework.beans.CachedIntrospectionResults]Found bean property &apos;configLocation&apos; of type [org.springframework.core.io.Resource]
[org.springframework.beans.CachedIntrospectionResults]Found bean property &apos;configurationProperties&apos; of type [java.util.Properties]
[org.springframework.beans.CachedIntrospectionResults]Found bean property &apos;dataSource&apos; of type [javax.sql.DataSource]
[org.springframework.beans.CachedIntrospectionResults]Found bean property &apos;databaseIdProvider&apos; of type [org.apache.ibatis.mapping.DatabaseIdProvider]
[org.springframework.beans.CachedIntrospectionResults]Found bean property &apos;environment&apos; of type [java.lang.String]
[org.springframework.beans.CachedIntrospectionResults]Found bean property &apos;failFast&apos; of type [boolean]
[org.springframework.beans.CachedIntrospectionResults]Found bean property &apos;mapperLocations&apos; of type [[Lorg.springframework.core.io.Resource;]
[org.springframework.beans.CachedIntrospectionResults]Found bean property &apos;object&apos; of type [org.apache.ibatis.session.SqlSessionFactory]
[org.springframework.beans.CachedIntrospectionResults]Found bean property &apos;objectFactory&apos; of type [org.apache.ibatis.reflection.factory.ObjectFactory]
[org.springframework.beans.CachedIntrospectionResults]Found bean property &apos;objectType&apos; of type [java.lang.Class]
[org.springframework.beans.CachedIntrospectionResults]Found bean property &apos;objectWrapperFactory&apos; of type [org.apache.ibatis.reflection.wrapper.ObjectWrapperFactory]
[org.springframework.beans.CachedIntrospectionResults]Found bean property &apos;plugins&apos; of type [[Lorg.apache.ibatis.plugin.Interceptor;]
[org.springframework.beans.CachedIntrospectionResults]Found bean property &apos;singleton&apos; of type [boolean]
[org.springframework.beans.CachedIntrospectionResults]Found bean property &apos;sqlSessionFactoryBuilder&apos; of type [org.apache.ibatis.session.SqlSessionFactoryBuilder]
[org.springframework.beans.CachedIntrospectionResults]Found bean property &apos;transactionFactory&apos; of type [org.apache.ibatis.transaction.TransactionFactory]
[org.springframework.beans.CachedIntrospectionResults]Found bean property &apos;typeAliases&apos; of type [[Ljava.lang.Class;]
[org.springframework.beans.CachedIntrospectionResults]Found bean property &apos;typeAliasesPackage&apos; of type [java.lang.String]
[org.springframework.beans.CachedIntrospectionResults]Found bean property &apos;typeAliasesSuperType&apos; of type [java.lang.Class]
[org.springframework.beans.CachedIntrospectionResults]Found bean property &apos;typeHandlers&apos; of type [[Lorg.apache.ibatis.type.TypeHandler;]
[org.springframework.beans.CachedIntrospectionResults]Found bean property &apos;typeHandlersPackage&apos; of type [java.lang.String]
[org.springframework.beans.factory.support.DefaultListableBeanFactory]Creating shared instance of singleton bean &apos;dataSource&apos;
[org.springframework.beans.factory.support.DefaultListableBeanFactory]Creating instance of bean &apos;dataSource&apos;
[org.springframework.beans.factory.support.DefaultListableBeanFactory]Returning cached instance of singleton bean &apos;org.springframework.aop.support.DefaultBeanFactoryPointcutAdvisor#0&apos;
[org.springframework.beans.factory.support.DefaultListableBeanFactory]Returning cached instance of singleton bean &apos;org.springframework.aop.support.DefaultBeanFactoryPointcutAdvisor#1&apos;
[org.springframework.beans.factory.support.DefaultListableBeanFactory]Eagerly caching bean &apos;dataSource&apos; to allow for resolving potential circular references
[org.springframework.beans.CachedIntrospectionResults]Getting BeanInfo for class [com.alibaba.druid.pool.DruidDataSource]
[org.springframework.beans.CachedIntrospectionResults]Caching PropertyDescriptors for class [com.alibaba.druid.pool.DruidDataSource]
[...]
[org.springframework.test.context.CacheAwareContextLoaderDelegate]Retrieved ApplicationContext from cache with key [[MergedContextConfiguration@c3b626c testClass = TestMybatis, locations = &apos;{classpath:spring.xml, classpath:spring-mybatis.xml}&apos;, classes = &apos;{}&apos;, contextInitializerClasses = &apos;[]&apos;, activeProfiles = &apos;{}&apos;, contextLoader = &apos;org.springframework.test.context.support.DelegatingSmartContextLoader&apos;, parent = [null]]].
[org.springframework.beans.factory.annotation.InjectionMetadata]Processing injected method of bean &apos;scfw.test.TestMybatis&apos;: AutowiredFieldElement for scfw.service.UserServiceI scfw.test.TestMybatis.userService
[org.springframework.beans.factory.support.DefaultListableBeanFactory]Returning cached instance of singleton bean &apos;userService&apos;
[org.springframework.test.context.TestContextManager]beforeTestMethod(): instance [scfw.test.TestMybatis@1266dd83], method [public void scfw.test.TestMybatis.test2()]
[org.springframework.test.context.CacheAwareContextLoaderDelegate]Retrieved ApplicationContext from cache with key [[MergedContextConfiguration@c3b626c testClass = TestMybatis, locations = &apos;{classpath:spring.xml, classpath:spring-mybatis.xml}&apos;, classes = &apos;{}&apos;, contextInitializerClasses = &apos;[]&apos;, activeProfiles = &apos;{}&apos;, contextLoader = &apos;org.springframework.test.context.support.DelegatingSmartContextLoader&apos;, parent = [null]]].
[org.springframework.transaction.support.TransactionSynchronizationManager]Initializing transaction synchronization
[org.springframework.transaction.interceptor.TransactionInterceptor]Getting transaction for [scfw.service.UserServiceImpl.querySysUser]
[org.mybatis.spring.SqlSessionUtils]Creating a new SqlSession
[org.mybatis.spring.SqlSessionUtils]Registering transaction synchronization for SqlSession [org.apache.ibatis.session.defaults.DefaultSqlSession@1f58cce5]
[org.springframework.transaction.support.TransactionSynchronizationManager]Bound value [org.mybatis.spring.SqlSessionHolder@7ef3de76] for key [org.apache.ibatis.session.defaults.DefaultSqlSessionFactory@49988799] to thread [main]
[org.springframework.jdbc.datasource.DataSourceUtils]Fetching JDBC Connection from DataSource
[com.alibaba.druid.pool.DruidDataSource]create connection error
com.mysql.jdbc.exceptions.jdbc4.CommunicationsException: Communications link failure

The last packet sent successfully to the server was 0 milliseconds ago. The driver has not received any packets from the server.
	at sun.reflect.NativeConstructorAccessorImpl.newInstance0(Native Method)
	at sun.reflect.NativeConstructorAccessorImpl.newInstance(NativeConstructorAccessorImpl.java:57)
	at sun.reflect.DelegatingConstructorAccessorImpl.newInstance(DelegatingConstructorAccessorImpl.java:45)
	at java.lang.reflect.Constructor.newInstance(Constructor.java:526)
	at com.mysql.jdbc.Util.handleNewInstance(Util.java:411)
	at com.mysql.jdbc.SQLError.createCommunicationsException(SQLError.java:1129)
	at com.mysql.jdbc.MysqlIO.&lt;init&gt;(MysqlIO.java:358)
	at com.mysql.jdbc.ConnectionImpl.coreConnect(ConnectionImpl.java:2498)
	at com.mysql.jdbc.ConnectionImpl.connectOneTryOnly(ConnectionImpl.java:2535)
	at com.mysql.jdbc.ConnectionImpl.createNewIO(ConnectionImpl.java:2320)
	at com.mysql.jdbc.ConnectionImpl.&lt;init&gt;(ConnectionImpl.java:834)
	at com.mysql.jdbc.JDBC4Connection.&lt;init&gt;(JDBC4Connection.java:46)
	at sun.reflect.NativeConstructorAccessorImpl.newInstance0(Native Method)
	at sun.reflect.NativeConstructorAccessorImpl.newInstance(NativeConstructorAccessorImpl.java:57)
	at sun.reflect.DelegatingConstructorAccessorImpl.newInstance(DelegatingConstructorAccessorImpl.java:45)
	at java.lang.reflect.Constructor.newInstance(Constructor.java:526)
	at com.mysql.jdbc.Util.handleNewInstance(Util.java:411)
	at com.mysql.jdbc.ConnectionImpl.getInstance(ConnectionImpl.java:416)
	at com.mysql.jdbc.NonRegisteringDriver.connect(NonRegisteringDriver.java:347)
	at com.alibaba.druid.filter.FilterChainImpl.connection_connect(FilterChainImpl.java:148)
	at com.alibaba.druid.filter.stat.StatFilter.connection_connect(StatFilter.java:211)
	at com.alibaba.druid.filter.FilterChainImpl.connection_connect(FilterChainImpl.java:142)
	at com.alibaba.druid.pool.DruidAbstractDataSource.createPhysicalConnection(DruidAbstractDataSource.java:1360)
	at com.alibaba.druid.pool.DruidAbstractDataSource.createPhysicalConnection(DruidAbstractDataSource.java:1414)
	at com.alibaba.druid.pool.DruidDataSource$CreateConnectionThread.run(DruidDataSource.java:1649)
Caused by: java.net.ConnectException: Connection timed out: connect
	at java.net.DualStackPlainSocketImpl.connect0(Native Method)
	at java.net.DualStackPlainSocketImpl.socketConnect(DualStackPlainSocketImpl.java:79)
	at java.net.AbstractPlainSocketImpl.doConnect(AbstractPlainSocketImpl.java:339)
	at java.net.AbstractPlainSocketImpl.connectToAddress(AbstractPlainSocketImpl.java:200)
	at java.net.AbstractPlainSocketImpl.connect(AbstractPlainSocketImpl.java:182)
	at java.net.PlainSocketImpl.connect(PlainSocketImpl.java:172)
	at java.net.SocksSocketImpl.connect(SocksSocketImpl.java:392)
	at java.net.Socket.connect(Socket.java:579)
	at java.net.Socket.connect(Socket.java:528)
	at java.net.Socket.&lt;init&gt;(Socket.java:425)
	at java.net.Socket.&lt;init&gt;(Socket.java:241)
	at com.mysql.jdbc.StandardSocketFactory.connect(StandardSocketFactory.java:256)
	at com.mysql.jdbc.MysqlIO.&lt;init&gt;(MysqlIO.java:308)
	... 18 more
[com.alibaba.druid.pool.DruidDataSource]create connection error
com.mysql.jdbc.exceptions.jdbc4.CommunicationsException: Communications link failure

The last packet sent successfully to the server was 0 milliseconds ago. The driver has not received any packets from the server.
	at sun.reflect.NativeConstructorAccessorImpl.newInstance0(Native Method)
	at sun.reflect.NativeConstructorAccessorImpl.newInstance(NativeConstructorAccessorImpl.java:57)
	at sun.reflect.DelegatingConstructorAccessorImpl.newInstance(DelegatingConstructorAccessorImpl.java:45)
	at java.lang.reflect.Constructor.newInstance(Constructor.java:526)
	at com.mysql.jdbc.Util.handleNewInstance(Util.java:411)
	at com.mysql.jdbc.SQLError.createCommunicationsException(SQLError.java:1129)
	at com.mysql.jdbc.MysqlIO.&lt;init&gt;(MysqlIO.java:358)
	at com.mysql.jdbc.ConnectionImpl.coreConnect(ConnectionImpl.java:2498)
	at com.mysql.jdbc.ConnectionImpl.connectOneTryOnly(ConnectionImpl.java:2535)
	at com.mysql.jdbc.ConnectionImpl.createNewIO(ConnectionImpl.java:2320)
	at com.mysql.jdbc.ConnectionImpl.&lt;init&gt;(ConnectionImpl.java:834)
	at com.mysql.jdbc.JDBC4Connection.&lt;init&gt;(JDBC4Connection.java:46)
	at sun.reflect.NativeConstructorAccessorImpl.newInstance0(Native Method)
	at sun.reflect.NativeConstructorAccessorImpl.newInstance(NativeConstructorAccessorImpl.java:57)
	at sun.reflect.DelegatingConstructorAccessorImpl.newInstance(DelegatingConstructorAccessorImpl.java:45)
	at java.lang.reflect.Constructor.newInstance(Constructor.java:526)
	at com.mysql.jdbc.Util.handleNewInstance(Util.java:411)
	at com.mysql.jdbc.ConnectionImpl.getInstance(ConnectionImpl.java:416)
	at com.mysql.jdbc.NonRegisteringDriver.connect(NonRegisteringDriver.java:347)
	at com.alibaba.druid.filter.FilterChainImpl.connection_connect(FilterChainImpl.java:148)
	at com.alibaba.druid.filter.stat.StatFilter.connection_connect(StatFilter.java:211)
	at com.alibaba.druid.filter.FilterChainImpl.connection_connect(FilterChainImpl.java:142)
	at com.alibaba.druid.pool.DruidAbstractDataSource.createPhysicalConnection(DruidAbstractDataSource.java:1360)
	at com.alibaba.druid.pool.DruidAbstractDataSource.createPhysicalConnection(DruidAbstractDataSource.java:1414)
	at com.alibaba.druid.pool.DruidDataSource$CreateConnectionThread.run(DruidDataSource.java:1649)
Caused by: java.net.ConnectException: Connection timed out: connect
	at java.net.DualStackPlainSocketImpl.connect0(Native Method)
	at java.net.DualStackPlainSocketImpl.socketConnect(DualStackPlainSocketImpl.java:79)
	at java.net.AbstractPlainSocketImpl.doConnect(AbstractPlainSocketImpl.java:339)
	at java.net.AbstractPlainSocketImpl.connectToAddress(AbstractPlainSocketImpl.java:200)
	at java.net.AbstractPlainSocketImpl.connect(AbstractPlainSocketImpl.java:182)
	at java.net.PlainSocketImpl.connect(PlainSocketImpl.java:172)
	at java.net.SocksSocketImpl.connect(SocksSocketImpl.java:392)
	at java.net.Socket.connect(Socket.java:579)
	at java.net.Socket.connect(Socket.java:528)
	at java.net.Socket.&lt;init&gt;(Socket.java:425)
	at java.net.Socket.&lt;init&gt;(Socket.java:241)
	at com.mysql.jdbc.StandardSocketFactory.connect(StandardSocketFactory.java:256)
	at com.mysql.jdbc.MysqlIO.&lt;init&gt;(MysqlIO.java:308)
	... 18 more
[com.alibaba.druid.pool.DruidDataSource]create connection error
com.mysql.jdbc.exceptions.jdbc4.CommunicationsException: Communications link failure

The last packet sent successfully to the server was 0 milliseconds ago. The driver has not received any packets from the server.
	at sun.reflect.NativeConstructorAccessorImpl.newInstance0(Native Method)
	at sun.reflect.NativeConstructorAccessorImpl.newInstance(NativeConstructorAccessorImpl.java:57)
	at sun.reflect.DelegatingConstructorAccessorImpl.newInstance(DelegatingConstructorAccessorImpl.java:45)
	at java.lang.reflect.Constructor.newInstance(Constructor.java:526)
	at com.mysql.jdbc.Util.handleNewInstance(Util.java:411)
	at com.mysql.jdbc.SQLError.createCommunicationsException(SQLError.java:1129)
	at com.mysql.jdbc.MysqlIO.&lt;init&gt;(MysqlIO.java:358)
	at com.mysql.jdbc.ConnectionImpl.coreConnect(ConnectionImpl.java:2498)
	at com.mysql.jdbc.ConnectionImpl.connectOneTryOnly(ConnectionImpl.java:2535)
	at com.mysql.jdbc.ConnectionImpl.createNewIO(ConnectionImpl.java:2320)
	at com.mysql.jdbc.ConnectionImpl.&lt;init&gt;(ConnectionImpl.java:834)
	at com.mysql.jdbc.JDBC4Connection.&lt;init&gt;(JDBC4Connection.java:46)
	at sun.reflect.NativeConstructorAccessorImpl.newInstance0(Native Method)
	at sun.reflect.NativeConstructorAccessorImpl.newInstance(NativeConstructorAccessorImpl.java:57)
	at sun.reflect.DelegatingConstructorAccessorImpl.newInstance(DelegatingConstructorAccessorImpl.java:45)
	at java.lang.reflect.Constructor.newInstance(Constructor.java:526)
	at com.mysql.jdbc.Util.handleNewInstance(Util.java:411)
	at com.mysql.jdbc.ConnectionImpl.getInstance(ConnectionImpl.java:416)
	at com.mysql.jdbc.NonRegisteringDriver.connect(NonRegisteringDriver.java:347)
	at com.alibaba.druid.filter.FilterChainImpl.connection_connect(FilterChainImpl.java:148)
	at com.alibaba.druid.filter.stat.StatFilter.connection_connect(StatFilter.java:211)
	at com.alibaba.druid.filter.FilterChainImpl.connection_connect(FilterChainImpl.java:142)
	at com.alibaba.druid.pool.DruidAbstractDataSource.createPhysicalConnection(DruidAbstractDataSource.java:1360)
	at com.alibaba.druid.pool.DruidAbstractDataSource.createPhysicalConnection(DruidAbstractDataSource.java:1414)
	at com.alibaba.druid.pool.DruidDataSource$CreateConnectionThread.run(DruidDataSource.java:1649)
Caused by: java.net.ConnectException: Connection timed out: connect
	at java.net.DualStackPlainSocketImpl.connect0(Native Method)
	at java.net.DualStackPlainSocketImpl.socketConnect(DualStackPlainSocketImpl.java:79)
	at java.net.AbstractPlainSocketImpl.doConnect(AbstractPlainSocketImpl.java:339)
	at java.net.AbstractPlainSocketImpl.connectToAddress(AbstractPlainSocketImpl.java:200)
	at java.net.AbstractPlainSocketImpl.connect(AbstractPlainSocketImpl.java:182)
	at java.net.PlainSocketImpl.connect(PlainSocketImpl.java:172)
	at java.net.SocksSocketImpl.connect(SocksSocketImpl.java:392)
	at java.net.Socket.connect(Socket.java:579)
	at java.net.Socket.connect(Socket.java:528)
	at java.net.Socket.&lt;init&gt;(Socket.java:425)
	at java.net.Socket.&lt;init&gt;(Socket.java:241)
	at com.mysql.jdbc.StandardSocketFactory.connect(StandardSocketFactory.java:256)
	at com.mysql.jdbc.MysqlIO.&lt;init&gt;(MysqlIO.java:308)
	... 18 more
[org.springframework.transaction.support.TransactionSynchronizationManager]Retrieved value [org.mybatis.spring.SqlSessionHolder@7ef3de76] for key [org.apache.ibatis.session.defaults.DefaultSqlSessionFactory@49988799] bound to thread [main]
[org.mybatis.spring.SqlSessionUtils]Releasing transactional SqlSession [org.apache.ibatis.session.defaults.DefaultSqlSession@1f58cce5]
[org.springframework.transaction.interceptor.TransactionInterceptor]Completing transaction for [scfw.service.UserServiceImpl.querySysUser] after exception: org.mybatis.spring.MyBatisSystemException: nested exception is org.apache.ibatis.exceptions.PersistenceException: 
### Error querying database.  Cause: org.springframework.jdbc.CannotGetJdbcConnectionException: Could not get JDBC Connection; nested exception is com.alibaba.druid.pool.GetConnectionTimeoutException: wait millis 60000, active 0
### The error may exist in file [E:\workspace\workspace_scfw\scfw\target\classes\scfw\mapping\SysUserMapper.xml]
### The error may involve scfw.dao.SysUserMapper.querySysUser
### The error occurred while executing a query
### Cause: org.springframework.jdbc.CannotGetJdbcConnectionException: Could not get JDBC Connection; nested exception is com.alibaba.druid.pool.GetConnectionTimeoutException: wait millis 60000, active 0
[org.springframework.transaction.interceptor.RuleBasedTransactionAttribute]Applying rules to determine whether transaction should rollback on org.mybatis.spring.MyBatisSystemException: nested exception is org.apache.ibatis.exceptions.PersistenceException: 
### Error querying database.  Cause: org.springframework.jdbc.CannotGetJdbcConnectionException: Could not get JDBC Connection; nested exception is com.alibaba.druid.pool.GetConnectionTimeoutException: wait millis 60000, active 0
### The error may exist in file [E:\workspace\workspace_scfw\scfw\target\classes\scfw\mapping\SysUserMapper.xml]
### The error may involve scfw.dao.SysUserMapper.querySysUser
### The error occurred while executing a query
### Cause: org.springframework.jdbc.CannotGetJdbcConnectionException: Could not get JDBC Connection; nested exception is com.alibaba.druid.pool.GetConnectionTimeoutException: wait millis 60000, active 0
[org.springframework.transaction.interceptor.RuleBasedTransactionAttribute]Winning rollback rule is: null
[org.springframework.transaction.interceptor.RuleBasedTransactionAttribute]No relevant rollback rule found: applying default rules
[org.springframework.jdbc.datasource.DataSourceTransactionManager]Triggering beforeCompletion synchronization
[org.mybatis.spring.SqlSessionUtils]Transaction synchronization deregistering SqlSession [org.apache.ibatis.session.defaults.DefaultSqlSession@1f58cce5]
[org.springframework.transaction.support.TransactionSynchronizationManager]Removed value [org.mybatis.spring.SqlSessionHolder@7ef3de76] for key [org.apache.ibatis.session.defaults.DefaultSqlSessionFactory@49988799] from thread [main]
[org.mybatis.spring.SqlSessionUtils]Transaction synchronization closing SqlSession [org.apache.ibatis.session.defaults.DefaultSqlSession@1f58cce5]
[org.springframework.jdbc.datasource.DataSourceTransactionManager]Should roll back transaction but cannot - no transaction available
[org.springframework.jdbc.datasource.DataSourceTransactionManager]Triggering afterCompletion synchronization
[org.springframework.transaction.support.TransactionSynchronizationManager]Clearing transaction synchronization
[org.springframework.test.context.TestContextManager]afterTestMethod(): instance [scfw.test.TestMybatis@1266dd83], method [public void scfw.test.TestMybatis.test2()], exception [org.mybatis.spring.MyBatisSystemException: nested exception is org.apache.ibatis.exceptions.PersistenceException: 
### Error querying database.  Cause: org.springframework.jdbc.CannotGetJdbcConnectionException: Could not get JDBC Connection; nested exception is com.alibaba.druid.pool.GetConnectionTimeoutException: wait millis 60000, active 0
### The error may exist in file [E:\workspace\workspace_scfw\scfw\target\classes\scfw\mapping\SysUserMapper.xml]
### The error may involve scfw.dao.SysUserMapper.querySysUser
### The error occurred while executing a query
### Cause: org.springframework.jdbc.CannotGetJdbcConnectionException: Could not get JDBC Connection; nested exception is com.alibaba.druid.pool.GetConnectionTimeoutException: wait millis 60000, active 0]
[org.springframework.test.context.support.DirtiesContextTestExecutionListener]After test method: context [[TestContext@13ecefe testClass = TestMybatis, testInstance = scfw.test.TestMybatis@1266dd83, testMethod = test2@TestMybatis, testException = org.mybatis.spring.MyBatisSystemException: nested exception is org.apache.ibatis.exceptions.PersistenceException: 
### Error querying database.  Cause: org.springframework.jdbc.CannotGetJdbcConnectionException: Could not get JDBC Connection; nested exception is com.alibaba.druid.pool.GetConnectionTimeoutException: wait millis 60000, active 0
### The error may exist in file [E:\workspace\workspace_scfw\scfw\target\classes\scfw\mapping\SysUserMapper.xml]
### The error may involve scfw.dao.SysUserMapper.querySysUser
### The error occurred while executing a query
### Cause: org.springframework.jdbc.CannotGetJdbcConnectionException: Could not get JDBC Connection; nested exception is com.alibaba.druid.pool.GetConnectionTimeoutException: wait millis 60000, active 0, mergedContextConfiguration = [MergedContextConfiguration@c3b626c testClass = TestMybatis, locations = &apos;{classpath:spring.xml, classpath:spring-mybatis.xml}&apos;, classes = &apos;{}&apos;, contextInitializerClasses = &apos;[]&apos;, activeProfiles = &apos;{}&apos;, contextLoader = &apos;org.springframework.test.context.support.DelegatingSmartContextLoader&apos;, parent = [null]]]], class dirties context [false], class mode [null], method dirties context [false].
[org.springframework.test.context.web.ServletTestExecutionListener]Resetting RequestContextHolder for test context [TestContext@13ecefe testClass = TestMybatis, testInstance = scfw.test.TestMybatis@1266dd83, testMethod = test2@TestMybatis, testException = org.mybatis.spring.MyBatisSystemException: nested exception is org.apache.ibatis.exceptions.PersistenceException: 
### Error querying database.  Cause: org.springframework.jdbc.CannotGetJdbcConnectionException: Could not get JDBC Connection; nested exception is com.alibaba.druid.pool.GetConnectionTimeoutException: wait millis 60000, active 0
### The error may exist in file [E:\workspace\workspace_scfw\scfw\target\classes\scfw\mapping\SysUserMapper.xml]
### The error may involve scfw.dao.SysUserMapper.querySysUser
### The error occurred while executing a query
### Cause: org.springframework.jdbc.CannotGetJdbcConnectionException: Could not get JDBC Connection; nested exception is com.alibaba.druid.pool.GetConnectionTimeoutException: wait millis 60000, active 0, mergedContextConfiguration = [MergedContextConfiguration@c3b626c testClass = TestMybatis, locations = &apos;{classpath:spring.xml, classpath:spring-mybatis.xml}&apos;, classes = &apos;{}&apos;, contextInitializerClasses = &apos;[]&apos;, activeProfiles = &apos;{}&apos;, contextLoader = &apos;org.springframework.test.context.support.DelegatingSmartContextLoader&apos;, parent = [null]]].
</system-out>
  </testcase>
</testsuite>